
> cs348-project@0.1.0 sql
> tsx lib/sql/exec.ts --file=../../m0/feature4.sql

postgres url:  postgres://postgres:@127.0.0.1:5432/cs348
┌─────────┬────────────────────────────────────────┬────────────────────────────────────────┬──────────────────────────────────┬────────────────────┬────────────────────────────────────────┬──────────────────────────┐
│ (index) │                post_id                 │                user_id                 │              title               │      content       │              subreddit_id              │        created_at        │
├─────────┼────────────────────────────────────────┼────────────────────────────────────────┼──────────────────────────────────┼────────────────────┼────────────────────────────────────────┼──────────────────────────┤
│    0    │ '00000000-0000-0000-0000-200000000001' │ '00000000-0000-0000-0000-000000000001' │      'Help me get a co-op!'      │  'I have no job'   │ '00000000-0000-0000-0000-100000000000' │ 2025-06-19T04:25:17.124Z │
│    1    │ '00000000-0000-0000-0000-200000000002' │ '00000000-0000-0000-0000-000000000002' │          'I love CS348'          │   '10/10 course'   │ '00000000-0000-0000-0000-100000000001' │ 2025-06-19T04:25:17.124Z │
│    2    │ '00000000-0000-0000-0000-200000000003' │ '00000000-0000-0000-0000-000000000004' │ 'Best EDM songs about databases' │ '"entity" by DJ 2' │ '00000000-0000-0000-0000-100000000002' │ 2025-06-19T04:25:17.124Z │
│    3    │ '00000000-0000-0000-0000-200000000004' │ '00000000-0000-0000-0000-000000000005' │ 'Best Coffee Shops in Waterloo'  │ 'Lucero probably'  │ '00000000-0000-0000-0000-100000000003' │ 2025-06-19T04:25:17.124Z │
└─────────┴────────────────────────────────────────┴────────────────────────────────────────┴──────────────────────────────────┴────────────────────┴────────────────────────────────────────┴──────────────────────────┘
No rows returned
┌─────────┬────────────────────────────────────────┬────────────────────────────────────────┬──────────────────────────────────┬──────────────────────────────────────────┬────────────────────────────────────────┬──────────────────────────┐
│ (index) │                post_id                 │                user_id                 │              title               │                 content                  │              subreddit_id              │        created_at        │
├─────────┼────────────────────────────────────────┼────────────────────────────────────────┼──────────────────────────────────┼──────────────────────────────────────────┼────────────────────────────────────────┼──────────────────────────┤
│    0    │ '00000000-0000-0000-0000-200000000002' │ '00000000-0000-0000-0000-000000000002' │          'I love CS348'          │              '10/10 course'              │ '00000000-0000-0000-0000-100000000001' │ 2025-06-19T04:25:17.124Z │
│    1    │ '00000000-0000-0000-0000-200000000003' │ '00000000-0000-0000-0000-000000000004' │ 'Best EDM songs about databases' │            '"entity" by DJ 2'            │ '00000000-0000-0000-0000-100000000002' │ 2025-06-19T04:25:17.124Z │
│    2    │ '00000000-0000-0000-0000-200000000004' │ '00000000-0000-0000-0000-000000000005' │ 'Best Coffee Shops in Waterloo'  │            'Lucero probably'             │ '00000000-0000-0000-0000-100000000003' │ 2025-06-19T04:25:17.124Z │
│    3    │ '00000000-0000-0000-0000-200000000001' │ '00000000-0000-0000-0000-000000000001' │      'Help me get a co-op!'      │ 'This is my updated content for my post' │ '00000000-0000-0000-0000-100000000000' │ 2025-06-19T04:25:17.124Z │
└─────────┴────────────────────────────────────────┴────────────────────────────────────────┴──────────────────────────────────┴──────────────────────────────────────────┴────────────────────────────────────────┴──────────────────────────┘
