
> cs348-project@0.1.0 sql
> tsx lib/sql/exec.ts --file=../../m0/feature2.sql

postgres url:  postgres://postgres:@127.0.0.1:5432/cs348
┌─────────┬────────────────────────────────────────┬─────────────────┬──────────────────────────────┬───────────┬──────────────────────────┐
│ (index) │                user_id                 │    username     │            email             │  pw_hash  │        created_at        │
├─────────┼────────────────────────────────────────┼─────────────────┼──────────────────────────────┼───────────┼──────────────────────────┤
│    0    │ '00000000-0000-0000-0000-000000000001' │      'Ian'      │   'ikorovin@uwaterloo.ca'    │  'pass'   │ 2025-06-19T04:25:17.092Z │
│    1    │ '00000000-0000-0000-0000-000000000002' │      'Guy'      │      'guy@uwaterloo.ca'      │   'guy'   │ 2025-06-19T04:25:17.092Z │
│    2    │ '00000000-0000-0000-0000-000000000003' │    'Elijah'     │    'ekurien@uwaterloo.ca'    │  'word'   │ 2025-06-19T04:25:17.092Z │
│    3    │ '00000000-0000-0000-0000-000000000004' │     'Rajan'     │   'r2agarwal@uwaterloo.ca'   │   'foo'   │ 2025-06-19T04:25:17.092Z │
│    4    │ '00000000-0000-0000-0000-000000000005' │    'Ishaan'     │     'i2dey@uwaterloo.ca'     │   'bar'   │ 2025-06-19T04:25:17.092Z │
│    5    │ '00000000-0000-0000-0000-000000000007' │ 'Rajan Agarwal' │ 'rajan.agarwal@uwaterloo.ca' │ 'newpass' │ 2025-06-19T04:25:28.945Z │
└─────────┴────────────────────────────────────────┴─────────────────┴──────────────────────────────┴───────────┴──────────────────────────┘
No rows returned
┌─────────┬────────────────────────────────────────┬──────────┬──────────────────────────┬─────────┬──────────────────────────┐
│ (index) │                user_id                 │ username │          email           │ pw_hash │        created_at        │
├─────────┼────────────────────────────────────────┼──────────┼──────────────────────────┼─────────┼──────────────────────────┤
│    0    │ '00000000-0000-0000-0000-000000000001' │  'Ian'   │ 'ikorovin@uwaterloo.ca'  │ 'pass'  │ 2025-06-19T04:25:17.092Z │
│    1    │ '00000000-0000-0000-0000-000000000002' │  'Guy'   │    'guy@uwaterloo.ca'    │  'guy'  │ 2025-06-19T04:25:17.092Z │
│    2    │ '00000000-0000-0000-0000-000000000003' │ 'Elijah' │  'ekurien@uwaterloo.ca'  │ 'word'  │ 2025-06-19T04:25:17.092Z │
│    3    │ '00000000-0000-0000-0000-000000000004' │ 'Rajan'  │ 'r2agarwal@uwaterloo.ca' │  'foo'  │ 2025-06-19T04:25:17.092Z │
│    4    │ '00000000-0000-0000-0000-000000000005' │ 'Ishaan' │   'i2dey@uwaterloo.ca'   │  'bar'  │ 2025-06-19T04:25:17.092Z │
└─────────┴────────────────────────────────────────┴──────────┴──────────────────────────┴─────────┴──────────────────────────┘
