               post_id                |               user_id                |   title    |     content     |          created_at           | subreddit_name | username  | vote_score |        age_days        |      trending_score      
--------------------------------------+--------------------------------------+------------+-----------------+-------------------------------+----------------+-----------+------------+------------------------+--------------------------
 e464b013-c92e-4752-8f3e-202df4eb036d | e100ef11-94ce-4f9e-a23f-a4fbc2d38783 | Post #2290 | Lorem ipsum ... | 2025-07-27 13:39:27.566364-04 | topic_72       | user_313  |          9 | 0.00078367758101851852 |  25.39611363855726166693
 dfeb5985-3a92-4b2f-bfc5-d1b096bcc7f1 | 1282612e-7865-4817-8eae-aa8ec52b6489 | Post #7810 | Lorem ipsum ... | 2025-07-27 13:39:27.566364-04 | topic_69       | user_3762 |          8 | 0.00078367758101851852 |  22.57432323427312148171
 3387eb95-8ee8-47b7-9b7c-9a632c59fbe0 | 4dcc0939-1a9e-4ba4-a3f1-54ec4c5122ee | Post #7579 | Lorem ipsum ... | 2025-07-27 13:39:27.566364-04 | topic_96       | user_749  |          7 | 0.00078367758101851852 |  19.75253282998898129650
 ed6b79a9-49b1-4a6c-b9fd-fc205be5ca9f | 3449a785-fab5-498e-98a1-812165448f58 | Post #1746 | Lorem ipsum ... | 2025-07-27 13:39:27.566364-04 | topic_96       | user_4555 |          7 | 0.00078367758101851852 |  19.75253282998898129650
 b3de2aec-7610-4456-aa95-2f77185bbee2 | 2a3bcf9a-b40f-4fd3-89b4-220e53170e33 | Post #5598 | Lorem ipsum ... | 2025-07-27 13:39:27.566364-04 | topic_96       | user_6514 |          7 | 0.00078367758101851852 |  19.75253282998898129650
 8649a52e-c5ac-49b7-93b3-512e2d3e1db3 | bee8ce71-4c3f-44f8-9f93-f65868dfc5dd | Post #7174 | Lorem ipsum ... | 2025-07-27 13:39:27.566364-04 | topic_96       | user_376  |          7 | 0.00078367758101851852 |  19.75253282998898129650
 ebdcc3f7-df10-4811-80bf-bb6312c14c80 | 659080cd-90b4-428a-928d-12099a067d0b | Post #5489 | Lorem ipsum ... | 2025-07-27 13:39:27.566364-04 | topic_69       | user_439  |          7 | 0.00078367758101851852 |  19.75253282998898129650
 f81f73f9-3131-4631-8f3d-babeacf75f46 | 829756d6-7414-42c2-acb9-5edcbcb4b6d5 | Post #4403 | Lorem ipsum ... | 2025-07-27 13:39:27.566364-04 | topic_96       | user_5452 |          6 | 0.00078367758101851852 |  16.93074242570484111128
 e8888265-216f-49c0-8bd3-5b229d191341 | 0b01f165-8d53-4db1-b3af-ab6ef79a3c13 | Post #4165 | Lorem ipsum ... | 2025-07-27 13:39:27.566364-04 | topic_69       | user_7225 |          6 | 0.00078367758101851852 |  16.93074242570484111128
 05d8ee59-ef95-4e31-90fc-e6dcffb76b41 | 7a096fed-1098-4832-9734-f42340fb057c | Post #4399 | Lorem ipsum ... | 2025-07-27 13:39:27.566364-04 | topic_96       | user_4380 |          6 | 0.00078367758101851852 |  16.93074242570484111128
 09ec50f6-4567-431b-89b1-304b2dd7d1cc | b3976768-25ea-4604-a9ce-0559ec93dbd7 | Post #9128 | Lorem ipsum ... | 2025-07-27 13:39:27.566364-04 | topic_69       | user_1398 |          6 | 0.00078367758101851852 |  16.93074242570484111128
 4b8ed64a-eb53-4380-a08a-f60cb52aebd6 | af52682f-8b9b-44eb-885b-e96a880dc70b | Post #5871 | Lorem ipsum ... | 2025-07-27 13:39:27.566364-04 | topic_69       | user_5878 |          5 | 0.00078367758101851852 |  14.10895202142070092607
 aed3a81c-0d6c-4561-bcbd-f7457efdb16f | 51db445f-c90c-46d1-82ff-0303dd9635ae | Post #8457 | Lorem ipsum ... | 2025-07-27 13:39:27.566364-04 | topic_72       | user_58   |          5 | 0.00078367758101851852 |  14.10895202142070092607
 d08b73d7-ee76-4d31-b739-c0e500555ba8 | bbbbbdd1-6521-4508-a7d5-c7a64e8c1672 | Post #2975 | Lorem ipsum ... | 2025-07-27 13:39:27.566364-04 | topic_72       | user_3667 |          5 | 0.00078367758101851852 |  14.10895202142070092607
 f7a3fe88-deaa-4510-87f2-c5d860a156fe | 5c09dec9-abe3-41d0-801d-54665ee90bd6 | Post #8838 | Lorem ipsum ... | 2025-07-27 13:39:27.566364-04 | topic_96       | user_567  |          5 | 0.00078367758101851852 |  14.10895202142070092607
 3abe217a-7a71-4004-8782-0f8a3d34c18b | 13b376ee-cf0c-418c-b342-7601d1ed5004 | Post #4299 | Lorem ipsum ... | 2025-07-27 13:39:27.566364-04 | topic_72       | user_129  |          5 | 0.00078367758101851852 |  14.10895202142070092607
 16bccc54-0ab9-4420-b6e1-4d4ad5294d4c | 34ba5a10-3323-4824-877d-00765ebdfac2 | Post #363  | Lorem ipsum ... | 2025-07-27 13:39:27.566364-04 | topic_72       | user_6869 |          5 | 0.00078367758101851852 |  14.10895202142070092607
 d401c468-e244-42ef-8434-0105565dcdf8 | 03e2357b-f2aa-42d2-95b0-f7fd470ef49c | Post #9251 | Lorem ipsum ... | 2025-07-27 13:39:27.566364-04 | topic_69       | user_2151 |          5 | 0.00078367758101851852 |  14.10895202142070092607
 b2ec8b2f-42ae-441e-8046-d722dc33f3b8 | d8110a5c-eafb-48b4-b630-daedb77d9b03 | Post #3213 | Lorem ipsum ... | 2025-07-27 13:39:27.566364-04 | topic_72       | user_7328 |          5 | 0.00078367758101851852 |  14.10895202142070092607
 c1e9f909-a2d1-4ecb-abf0-a02abd0e1bd7 | 263702e5-d150-491e-b4cd-909bd6a95cd2 | Post #4222 | Lorem ipsum ... | 2025-07-27 13:39:27.566364-04 | topic_72       | user_3136 |          5 | 0.00078367758101851852 |  14.10895202142070092607
 201fb89b-75fe-48d4-a8cc-bf1e2fd0003d | 5f334a61-c822-4cda-88ad-79c713f96218 | Post #8778 | Lorem ipsum ... | 2025-07-27 13:39:27.566364-04 | topic_96       | user_7158 |          5 | 0.00078367758101851852 |  14.10895202142070092607
 0253f5e7-ee86-40ba-96f8-f051588cffe0 | 48dbc6cd-aae2-4c8c-92d0-021456608aa9 | Post #2822 | Lorem ipsum ... | 2025-07-27 13:39:27.566364-04 | topic_72       | user_7419 |          5 | 0.00078367758101851852 |  14.10895202142070092607
 9dc1877f-706c-479c-9b6d-2c516acfbdaa | 596844db-dc9c-4d45-9f05-63b245d5089b | Post #660  | Lorem ipsum ... | 2025-07-27 13:39:27.566364-04 | topic_96       | user_9246 |          5 | 0.00078367758101851852 |  14.10895202142070092607
 4d838c8f-9eea-4d72-bade-b7ae5793c354 | 75fc691d-7e95-4b71-865b-4f649f2ed2b7 | Post #5921 | Lorem ipsum ... | 2025-07-27 13:39:27.566364-04 | topic_96       | user_1915 |          5 | 0.00078367758101851852 |  14.10895202142070092607
 f176dfb3-8434-4cb4-abcd-947f44b6539c | 570b9c73-90f1-4a24-a74c-2deb20511fc5 | Post #4387 | Lorem ipsum ... | 2025-07-27 13:39:27.566364-04 | topic_96       | user_7187 |          5 | 0.00078367758101851852 |  14.10895202142070092607
 58ef354a-a9bf-4019-a5f1-80def5d7e372 | f5c7c18d-845a-401c-805b-c621bee96740 | Post #5744 | Lorem ipsum ... | 2025-07-27 13:39:27.566364-04 | topic_96       | user_526  |          5 | 0.00078367758101851852 |  14.10895202142070092607
 f7b92b26-5520-4980-8930-4a03d8fd51ef | be69c8f2-4a0a-437b-ae24-c8fc7304b47c | Post #3503 | Lorem ipsum ... | 2025-07-27 13:39:27.566364-04 | topic_69       | user_3851 |          4 | 0.00078367758101851852 |  11.28716161713656074086
 9d296aeb-ec12-4092-a45a-5ac4b3d2a91b | 31540af6-cb86-4ce9-8722-b9e4184df43d | Post #4267 | Lorem ipsum ... | 2025-07-27 13:39:27.566364-04 | topic_72       | user_3171 |          4 | 0.00078367758101851852 |  11.28716161713656074086
 5bdfb130-be81-4f7f-b911-225294cdc827 | d1c382dd-2124-4907-bdf6-13a0b9f18f79 | Post #4885 | Lorem ipsum ... | 2025-07-27 13:39:27.566364-04 | topic_69       | user_4707 |          4 | 0.00078367758101851852 |  11.28716161713656074086
 742c5580-7c08-4bf5-ba1c-3b3f3569ef9a | 601ecf7b-9972-43ed-8164-379b74d914ba | Post #6842 | Lorem ipsum ... | 2025-07-27 13:39:27.566364-04 | topic_72       | user_4127 |          4 | 0.00078367758101851852 |  11.28716161713656074086
 93ee1651-7bda-419c-a41d-6e945e22ee2c | fff1f777-6ee2-4e43-9c04-4279da7753d0 | Post #6753 | Lorem ipsum ... | 2025-07-27 13:39:27.566364-04 | topic_69       | user_3941 |          4 | 0.00078367758101851852 |  11.28716161713656074086
 ca1fc46e-a3f1-4ab7-a738-6bcde07701f2 | b2b1280c-d85d-43d0-9a1c-6d1aaf229695 | Post #3399 | Lorem ipsum ... | 2025-07-27 13:39:27.566364-04 | topic_72       | user_8701 |          4 | 0.00078367758101851852 |  11.28716161713656074086
 09545cc4-3acc-4ffd-bed0-09f08834eeb0 | 802c3a08-2cb5-42e1-8030-9132c472e165 | Post #9001 | Lorem ipsum ... | 2025-07-27 13:39:27.566364-04 | topic_72       | user_7515 |          4 | 0.00078367758101851852 |  11.28716161713656074086
 7b4d0ae3-0e48-43f9-9dff-10648d7dba8b | fbdb2c24-45c8-4154-96d6-82ada5698176 | Post #2339 | Lorem ipsum ... | 2025-07-27 13:39:27.566364-04 | topic_69       | user_4484 |          4 | 0.00078367758101851852 |  11.28716161713656074086
 8bba738a-deb1-4284-b18b-8fc61eda662e | a3c79ec7-c97b-4668-89f4-8f39c660502c | Post #206  | Lorem ipsum ... | 2025-07-27 13:39:27.566364-04 | topic_69       | user_4334 |          4 | 0.00078367758101851852 |  11.28716161713656074086
 7839c631-878b-447c-bd71-23a532197b62 | ca6534de-d16d-4c73-bb5d-5410c4f1b288 | Post #2861 | Lorem ipsum ... | 2025-07-27 13:39:27.566364-04 | topic_72       | user_394  |          4 | 0.00078367758101851852 |  11.28716161713656074086
 de54dc1b-6bab-48b7-8568-3f530eb7ccaf | fe8e071b-997e-4dc0-9dbf-08548e4bc99c | Post #4847 | Lorem ipsum ... | 2025-07-27 13:39:27.566364-04 | topic_96       | user_3011 |          4 | 0.00078367758101851852 |  11.28716161713656074086
 160ac086-27b6-48f2-b87c-d4f5248f7384 | b3d3d59b-856f-42b2-864a-ecf63d417b68 | Post #9132 | Lorem ipsum ... | 2025-07-27 13:39:27.566364-04 | topic_69       | user_5190 |          4 | 0.00078367758101851852 |  11.28716161713656074086
 7486c6e7-dcb8-48ef-8121-74babea304fb | 73fe4e43-39af-45d3-9a4e-b76a95778194 | Post #532  | Lorem ipsum ... | 2025-07-27 13:39:27.566364-04 | topic_96       | user_6594 |          4 | 0.00078367758101851852 |  11.28716161713656074086
 20cae068-f57a-4041-a4d0-bdb5fd00faf0 | 252fa7a9-d761-41ed-a790-a39197945b46 | Post #2133 | Lorem ipsum ... | 2025-07-27 13:39:27.566364-04 | topic_69       | user_7887 |          4 | 0.00078367758101851852 |  11.28716161713656074086
 575bbeea-b0fa-4bc8-b36e-9971e8bc4c95 | 8c8dec32-f70a-4e43-8ad7-c59bf799708c | Post #3202 | Lorem ipsum ... | 2025-07-27 13:39:27.566364-04 | topic_69       | user_8756 |          3 | 0.00078367758101851852 |   8.46537121285242055564
 74267e8d-9ca3-483d-8eff-6cc1ea49d794 | 55d894e0-002c-4c26-9856-735847f6e09b | Post #2472 | Lorem ipsum ... | 2025-07-27 13:39:27.566364-04 | topic_69       | user_2222 |          3 | 0.00078367758101851852 |   8.46537121285242055564
 d573707f-3af6-4bfd-93be-502ee275a941 | 6b32fd3e-cf69-461a-8a13-1587a5728c03 | Post #996  | Lorem ipsum ... | 2025-07-27 13:39:27.566364-04 | topic_72       | user_1967 |          3 | 0.00078367758101851852 |   8.46537121285242055564
 b5bc9fff-7578-4e85-a096-73d907374e1b | d58af76d-f7ad-4aed-a21b-cbb5e9a667a8 | Post #9142 | Lorem ipsum ... | 2025-07-27 13:39:27.566364-04 | topic_72       | user_5691 |          3 | 0.00078367758101851852 |   8.46537121285242055564
 e5835ef1-b152-46b2-9d97-de43130282f7 | bb0fd785-4ab6-4805-bbe5-e445c5165f2b | Post #774  | Lorem ipsum ... | 2025-07-27 13:39:27.566364-04 | topic_69       | user_1742 |          3 | 0.00078367758101851852 |   8.46537121285242055564
 0180a5c7-f797-421a-bda8-4f959d43e774 | 69c6e711-a098-4849-9d60-00bcac592fd1 | Post #2392 | Lorem ipsum ... | 2025-07-27 13:39:27.566364-04 | topic_69       | user_2172 |          3 | 0.00078367758101851852 |   8.46537121285242055564
 61318f06-1e76-4e96-b2d4-0e3a8244c145 | eaecde59-5581-423e-9851-659e8582317d | Post #6259 | Lorem ipsum ... | 2025-07-27 13:39:27.566364-04 | topic_96       | user_1888 |          3 | 0.00078367758101851852 |   8.46537121285242055564
 54a32472-4243-430f-a58a-b07bc86bb499 | b7237765-e190-472b-9f0c-6c51fa710576 | Post #134  | Lorem ipsum ... | 2025-07-27 13:39:27.566364-04 | topic_72       | user_9899 |          3 | 0.00078367758101851852 |   8.46537121285242055564
 2a6968cb-cdff-433a-b72d-adf00343167d | 9a6bca34-a884-43a1-ae74-b45c837f4582 | Post #4992 | Lorem ipsum ... | 2025-07-27 13:39:27.566364-04 | topic_72       | user_1953 |          3 | 0.00078367758101851852 |   8.46537121285242055564
 d5d91a2c-ceda-43f8-b82d-a185630e5a89 | d98b8d28-a04d-4134-8fbe-2a9fcafeaa2f | Post #7223 | Lorem ipsum ... | 2025-07-27 13:39:27.566364-04 | topic_96       | user_2585 |          3 | 0.00078367758101851852 |   8.46537121285242055564
 5e62a571-85a0-4886-9a91-5da0c261339f | e4a82120-9988-48cb-b1f5-2464f0fff9ce | Post #584  | Lorem ipsum ... | 2025-07-27 13:39:27.566364-04 | topic_72       | user_3960 |          3 | 0.00078367758101851852 |   8.46537121285242055564
 da5f45ec-6b80-4ff2-88c1-3fed6882239c | 22a359a6-82e7-4f26-a97d-6eae7cfa6ee3 | Post #6864 | Lorem ipsum ... | 2025-07-27 13:39:27.566364-04 | topic_96       | user_6798 |          3 | 0.00078367758101851852 |   8.46537121285242055564
 52ee32d2-492d-4153-94c9-f690429912d8 | 553e2f19-40bd-473a-b375-cd150dea5333 | Post #1287 | Lorem ipsum ... | 2025-07-27 13:39:27.566364-04 | topic_72       | user_1203 |          3 | 0.00078367758101851852 |   8.46537121285242055564
 d2374025-f0e0-4e56-9177-7598c661a753 | 6e0d7dda-a555-4cc9-8429-b14069aa2da4 | Post #3591 | Lorem ipsum ... | 2025-07-27 13:39:27.566364-04 | topic_69       | user_6501 |          3 | 0.00078367758101851852 |   8.46537121285242055564
 d4de11de-a6b0-43b6-9d26-b7893d88f66f | e19ff959-f03f-4d38-af22-1d41d61bdd93 | Post #4678 | Lorem ipsum ... | 2025-07-27 13:39:27.566364-04 | topic_72       | user_6468 |          3 | 0.00078367758101851852 |   8.46537121285242055564
 70730889-c473-4c26-9b68-d6961ff2c1f6 | 9d5714d2-b9ea-41ea-a4f0-711e21cb7ca7 | Post #5854 | Lorem ipsum ... | 2025-07-27 13:39:27.566364-04 | topic_96       | user_5569 |          3 | 0.00078367758101851852 |   8.46537121285242055564
 d01ae322-cd1d-46bd-a800-6735dc9e9799 | 15c0c159-9914-4504-84ea-6e3b1384dca0 | Post #5368 | Lorem ipsum ... | 2025-07-27 13:39:27.566364-04 | topic_96       | user_6263 |          3 | 0.00078367758101851852 |   8.46537121285242055564
 e166e2b9-c3e3-413c-a8ed-6b8db977ba8f | d31d6ecb-8ffa-4911-a86c-6e1073d307f2 | Post #2526 | Lorem ipsum ... | 2025-07-27 13:39:27.566364-04 | topic_72       | user_7693 |          3 | 0.00078367758101851852 |   8.46537121285242055564
 f76e46d8-fecc-4f71-9e6e-693079e05f59 | 029ee174-a910-4289-bb32-a3d1d7e38ef5 | Post #3291 | Lorem ipsum ... | 2025-07-27 13:39:27.566364-04 | topic_69       | user_5525 |          3 | 0.00078367758101851852 |   8.46537121285242055564
 65dcc78a-ac5f-4db0-b63b-5f12b58ed868 | d61d4599-d490-4102-b105-1b741e787d9b | Post #9117 | Lorem ipsum ... | 2025-07-27 13:39:27.566364-04 | topic_96       | user_4004 |          3 | 0.00078367758101851852 |   8.46537121285242055564
 cd9ca99d-c6be-4676-80bc-73e8ffce9719 | a0d3e861-ee65-45a0-bbdc-3feb9ede8f47 | Post #9382 | Lorem ipsum ... | 2025-07-27 13:39:27.566364-04 | topic_69       | user_5897 |          3 | 0.00078367758101851852 |   8.46537121285242055564
 4dd980bb-feab-48cc-975e-8af7a0962e3e | aa774655-ce37-4a4e-83a1-00dda856ce96 | Post #1    | Lorem ipsum ... | 2025-07-27 13:39:27.566364-04 | topic_96       | user_4577 |          3 | 0.00078367758101851852 |   8.46537121285242055564
 734aa692-2c81-4122-94ed-e113efc9f94a | c04cd969-cf0d-4dd8-8e1d-4d8797148941 | Post #4705 | Lorem ipsum ... | 2025-07-27 13:39:27.566364-04 | topic_72       | user_6124 |          3 | 0.00078367758101851852 |   8.46537121285242055564
 907aa96b-6882-4e89-bed0-990aca09601f | 98346dda-6812-4e55-9be0-490bb5723361 | Post #320  | Lorem ipsum ... | 2025-07-27 13:39:27.566364-04 | topic_96       | user_8133 |          3 | 0.00078367758101851852 |   8.46537121285242055564
 20e673d2-d8d5-4d16-b55a-6c5dffac81ca | bfc79b3a-a33b-40fd-94a5-0dcb72b525e5 | Post #1322 | Lorem ipsum ... | 2025-07-27 13:39:27.566364-04 | topic_69       | user_7288 |          2 | 0.00078367758101851852 |   5.64358080856828037043
 2b1c12a3-652a-4344-a223-8af004d42cc5 | 1b4e6c85-15eb-4ff2-9547-1079342e8661 | Post #8204 | Lorem ipsum ... | 2025-07-27 13:39:27.566364-04 | topic_72       | user_6287 |          2 | 0.00078367758101851852 |   5.64358080856828037043
 5efa41a5-3a93-40c9-85b7-ee5d1407c59f | a87c8f30-be69-4762-a9ca-009a3dfdd94a | Post #9206 | Lorem ipsum ... | 2025-07-27 13:39:27.566364-04 | topic_96       | user_3787 |          2 | 0.00078367758101851852 |   5.64358080856828037043
 51dc8dfd-1130-4f26-bfd3-f6488caa669d | d8b62807-e2a9-4f92-b77d-d66b3b08dbd0 | Post #6293 | Lorem ipsum ... | 2025-07-27 13:39:27.566364-04 | topic_69       | user_1161 |          2 | 0.00078367758101851852 |   5.64358080856828037043
 1d2ce641-cd3f-437e-8b1b-2717f0904e4d | 4ec8298a-9b1f-40b1-bfc7-3a2b22bd7985 | Post #6238 | Lorem ipsum ... | 2025-07-27 13:39:27.566364-04 | topic_96       | user_9749 |          2 | 0.00078367758101851852 |   5.64358080856828037043
 8a477f5c-b88b-4c50-9b4c-603af0c1e719 | 7787892b-4d7e-497b-9a9b-f09e3ecc4b81 | Post #9333 | Lorem ipsum ... | 2025-07-27 13:39:27.566364-04 | topic_69       | user_8615 |          2 | 0.00078367758101851852 |   5.64358080856828037043
 d739075b-89fa-4680-ae28-75e424b1e503 | c0fd5647-95de-4ff0-83c5-69fc295841bb | Post #8336 | Lorem ipsum ... | 2025-07-27 13:39:27.566364-04 | topic_96       | user_5837 |          2 | 0.00078367758101851852 |   5.64358080856828037043
 8f2b319f-b95d-4a8f-9f64-d3a65e96a4ce | 7d157c7d-2097-46a5-b73e-1c96ecaa7252 | Post #2389 | Lorem ipsum ... | 2025-07-27 13:39:27.566364-04 | topic_72       | user_8533 |          2 | 0.00078367758101851852 |   5.64358080856828037043
 a3236a99-1d5f-49e9-beda-7bfcf1c26e2c | 39e513bc-4805-45c0-aaec-bfadea306e83 | Post #5232 | Lorem ipsum ... | 2025-07-27 13:39:27.566364-04 | topic_69       | user_1609 |          2 | 0.00078367758101851852 |   5.64358080856828037043
 1232137c-7fec-44f2-8734-bf085146cc11 | 83515e9e-06e0-40f2-8503-f012db6e7d9e | Post #1793 | Lorem ipsum ... | 2025-07-27 13:39:27.566364-04 | topic_69       | user_4681 |          2 | 0.00078367758101851852 |   5.64358080856828037043
 f3cc7764-3ee0-4557-9019-82dfd2eab027 | 062b892b-1959-4a08-a1f4-24f9e9224bb4 | Post #3487 | Lorem ipsum ... | 2025-07-27 13:39:27.566364-04 | topic_69       | user_1128 |          2 | 0.00078367758101851852 |   5.64358080856828037043
 a2ba2a8a-3175-48de-af32-f2468cd08e9c | b1622a65-10ea-4177-8091-51080e80d9ae | Post #7607 | Lorem ipsum ... | 2025-07-27 13:39:27.566364-04 | topic_72       | user_4327 |          2 | 0.00078367758101851852 |   5.64358080856828037043
 91e2f6cc-f929-41a1-aba0-63fd67b126a1 | 3f627f1c-5948-4645-960b-0529142b6c30 | Post #3961 | Lorem ipsum ... | 2025-07-27 13:39:27.566364-04 | topic_69       | user_1720 |          2 | 0.00078367758101851852 |   5.64358080856828037043
 0bee4f52-2e08-4ced-be37-fe00cf0869e9 | 005e0f48-1ce8-4442-8364-af7e4fa45fce | Post #2261 | Lorem ipsum ... | 2025-07-27 13:39:27.566364-04 | topic_96       | user_8196 |          2 | 0.00078367758101851852 |   5.64358080856828037043
 5f629d3d-551f-4318-84be-69f80d349192 | ab3590ab-9155-4491-89ed-35d8147f583c | Post #7382 | Lorem ipsum ... | 2025-07-27 13:39:27.566364-04 | topic_96       | user_4180 |          2 | 0.00078367758101851852 |   5.64358080856828037043
 8eff4da0-242d-4a65-9722-b5a63d4bfd25 | abd42b1c-9bb1-4976-aa10-da556de6f37b | Post #9462 | Lorem ipsum ... | 2025-07-27 13:39:27.566364-04 | topic_72       | user_6350 |          2 | 0.00078367758101851852 |   5.64358080856828037043
 f7f08cb0-9356-4d3f-903f-f7c325d7aa19 | a2fae83b-f8ab-4043-a4a2-769a162afaf9 | Post #3692 | Lorem ipsum ... | 2025-07-27 13:39:27.566364-04 | topic_96       | user_5854 |          2 | 0.00078367758101851852 |   5.64358080856828037043
 4bbcd472-d942-4638-8fc9-30e9bdbc9eb3 | e7fe4ca7-0942-4540-bca0-b654af108340 | Post #8146 | Lorem ipsum ... | 2025-07-27 13:39:27.566364-04 | topic_72       | user_1029 |          2 | 0.00078367758101851852 |   5.64358080856828037043
 8ff8b882-d949-4773-a2d4-9893981c4dee | 5333a12f-85a1-43e2-a9d2-9c4f569e7d0c | Post #49   | Lorem ipsum ... | 2025-07-27 13:39:27.566364-04 | topic_72       | user_7848 |          2 | 0.00078367758101851852 |   5.64358080856828037043
 f177f4bf-2829-44af-8695-1d8242c801d4 | a5208374-c0d1-4674-8d6a-228d56639075 | Post #5931 | Lorem ipsum ... | 2025-07-27 13:39:27.566364-04 | topic_96       | user_7959 |          2 | 0.00078367758101851852 |   5.64358080856828037043
 7cb02333-7294-4a3b-8ad4-5872f89e54aa | bc8c4b92-5846-49db-8517-d0499f917870 | Post #7363 | Lorem ipsum ... | 2025-07-27 13:39:27.566364-04 | topic_72       | user_7053 |          2 | 0.00078367758101851852 |   5.64358080856828037043
 6990726f-90b8-49ec-88df-381daf7d88ba | eafa050b-9a86-493b-ae04-48bcda8e3d3f | Post #1658 | Lorem ipsum ... | 2025-07-27 13:39:27.566364-04 | topic_96       | user_7555 |          2 | 0.00078367758101851852 |   5.64358080856828037043
 474e98e5-7d3e-42b9-93d8-c69166738a3a | 242aa7f8-8cb3-44cc-af24-ebb40269dbd3 | Post #7933 | Lorem ipsum ... | 2025-07-27 13:39:27.566364-04 | topic_96       | user_8069 |          2 | 0.00078367758101851852 |   5.64358080856828037043
 2c9e76ac-41a2-46cb-b1d9-6bca1ddaf911 | 20c4487e-e85e-4dcb-b748-be0628ff5ad9 | Post #7538 | Lorem ipsum ... | 2025-07-27 13:39:27.566364-04 | topic_69       | user_726  |          2 | 0.00078367758101851852 |   5.64358080856828037043
 e0834501-ca67-480d-a410-754919a7b221 | fe9090d0-489a-4b57-afc5-02548b16ff65 | Post #2307 | Lorem ipsum ... | 2025-07-27 13:39:27.566364-04 | topic_96       | user_2273 |          2 | 0.00078367758101851852 |   5.64358080856828037043
 d40cf8c8-5248-403e-a0d9-91014dd66fb0 | 71713e9b-d97b-46ab-b7cb-5649caf41ce7 | Post #5954 | Lorem ipsum ... | 2025-07-27 13:39:27.566364-04 | topic_96       | user_2792 |          2 | 0.00078367758101851852 |   5.64358080856828037043
 6bf291f0-caca-4293-b43b-44a091cbaed1 | 8ab6e026-e3bd-40ce-a5b3-336793af57bf | Post #7833 | Lorem ipsum ... | 2025-07-27 13:39:27.566364-04 | topic_69       | user_3776 |          2 | 0.00078367758101851852 |   5.64358080856828037043
 d035d257-9315-4559-9a58-e0c2552ca9af | 792f8a9f-f6cc-45d6-9d7b-9262d3795298 | Post #3188 | Lorem ipsum ... | 2025-07-27 13:39:27.566364-04 | topic_72       | user_3080 |          2 | 0.00078367758101851852 |   5.64358080856828037043
 8115327f-2c77-49ea-bdc3-b9d155891f68 | f34651e9-383c-409b-a308-c7e808869a16 | Post #2970 | Lorem ipsum ... | 2025-07-27 13:39:27.566364-04 | topic_69       | user_126  |          2 | 0.00078367758101851852 |   5.64358080856828037043
 a0ec9b45-0b6d-4172-a324-a33b8ac75f6a | aa71bcac-be1e-4ca5-acda-a6b54005b9ef | Post #3046 | Lorem ipsum ... | 2025-07-27 13:39:27.566364-04 | topic_72       | user_7467 |          2 | 0.00078367758101851852 |   5.64358080856828037043
 5cb92ef1-692f-4a22-8bbc-ba1113dc2b71 | 6110e76f-e81c-4f96-a1c1-cbd6eaeeb294 | Post #231  | Lorem ipsum ... | 2025-07-27 13:39:27.566364-04 | topic_96       | user_1664 |          2 | 0.00078367758101851852 |   5.64358080856828037043
 ec13c603-56de-4fa9-8acb-9d6f78167f21 | 8b345d24-90b3-4202-ad2c-ab8a5346ff9d | Post #5665 | Lorem ipsum ... | 2025-07-27 13:39:27.566364-04 | topic_69       | user_2293 |          2 | 0.00078367758101851852 |   5.64358080856828037043
 524c7acb-ec0e-4a52-bc0b-5f50123151fe | a0c98ea4-53a9-46bc-93b0-97c3a1a47d87 | Post #4506 | Lorem ipsum ... | 2025-07-27 13:39:27.566364-04 | topic_96       | user_7963 |          2 | 0.00078367758101851852 |   5.64358080856828037043
 646817cb-80b5-4d65-a4f5-dbc427437122 | 39c75b28-a156-4a74-8b0f-743b019371b8 | Post #1020 | Lorem ipsum ... | 2025-07-27 13:39:27.566364-04 | topic_69       | user_5571 |          2 | 0.00078367758101851852 |   5.64358080856828037043
 ed436bae-cf29-43db-8040-ece013100743 | 71d69bed-d2a4-4164-985f-d6f2cc1ec5f4 | Post #4772 | Lorem ipsum ... | 2025-07-27 13:39:27.566364-04 | topic_72       | user_6311 |          2 | 0.00078367758101851852 |   5.64358080856828037043
 8d603c92-0c7e-44d2-9d6e-8dc4d3aac2f9 | bb9ec410-b4d8-41ad-9153-e6f406a7b1c5 | Post #513  | Lorem ipsum ... | 2025-07-27 13:39:27.566364-04 | topic_96       | user_6851 |          2 | 0.00078367758101851852 |   5.64358080856828037043
 b96dce02-8e64-48e7-b395-9631db70f2b2 | 6b0874db-f61f-4f11-81ff-5755bde96833 | Post #3733 | Lorem ipsum ... | 2025-07-27 13:39:27.566364-04 | topic_69       | user_9492 |          2 | 0.00078367758101851852 |   5.64358080856828037043
 9397a831-e6c7-44c1-adb7-3905fddbe312 | bc360526-58c0-4faf-b03f-3fb15b9ad572 | Post #7062 | Lorem ipsum ... | 2025-07-27 13:39:27.566364-04 | topic_69       | user_3450 |          2 | 0.00078367758101851852 |   5.64358080856828037043
 6b2fdbca-a376-40e1-8624-8ef6f7456194 | 745d3ac3-f585-4c50-a1d3-0ee2e651f17e | Post #7142 | Lorem ipsum ... | 2025-07-27 13:39:27.566364-04 | topic_72       | user_3295 |          2 | 0.00078367758101851852 |   5.64358080856828037043
 0378594b-3c8d-4b09-a0a8-2b3ae583308b | 1e077e73-a622-4ca7-8e56-92bc92982f84 | Post #6738 | Lorem ipsum ... | 2025-07-27 13:39:27.566364-04 | topic_96       | user_5533 |          2 | 0.00078367758101851852 |   5.64358080856828037043
 0dddbeea-1ff2-4b69-bacd-cecbadd20d00 | 6a3737d2-6b3a-4bfc-b8a8-1c5e801e935a | Post #9438 | Lorem ipsum ... | 2025-07-27 13:39:27.566364-04 | topic_69       | user_8047 |          2 | 0.00078367758101851852 |   5.64358080856828037043
 58a06aa5-d1d5-4060-a184-494edfbb8667 | eefb9c24-a0ed-4b42-bb2f-b0f616ffca54 | Post #558  | Lorem ipsum ... | 2025-07-27 13:39:27.566364-04 | topic_96       | user_2953 |          2 | 0.00078367758101851852 |   5.64358080856828037043
 0c3aaf1a-9d27-486b-b917-6883c60894e0 | b141ec90-80d7-44c7-a52b-0cd2083434bc | Post #1390 | Lorem ipsum ... | 2025-07-27 13:39:27.566364-04 | topic_96       | user_2259 |          2 | 0.00078367758101851852 |   5.64358080856828037043
 da61a350-8013-4e04-9f5c-9c8bc4c3c14f | 1d43854d-ad24-4c01-8470-947db43cbf6d | Post #8510 | Lorem ipsum ... | 2025-07-27 13:39:27.566364-04 | topic_69       | user_3542 |          2 | 0.00078367758101851852 |   5.64358080856828037043
 0dd54228-6b88-4ff8-8911-6a50fc3afec2 | 1d0ec1d2-ed39-4ec0-b7b2-708cd8e9b0a6 | Post #3630 | Lorem ipsum ... | 2025-07-27 13:39:27.566364-04 | topic_69       | user_1434 |          2 | 0.00078367758101851852 |   5.64358080856828037043
 d82537e5-a8f0-42ab-ab5c-a88f335882c5 | de69a0a5-0c1a-4796-a54d-ae4f594dffe4 | Post #3041 | Lorem ipsum ... | 2025-07-27 13:39:27.566364-04 | topic_72       | user_5713 |          1 | 0.00078367758101851852 |   2.82179040428414018521
 c451db67-4f34-49e3-9ab3-25cdce1fdf88 | 4a9e9abe-83ff-4cfe-8032-cf0c7c9fcbc5 | Post #2927 | Lorem ipsum ... | 2025-07-27 13:39:27.566364-04 | topic_69       | user_5454 |          1 | 0.00078367758101851852 |   2.82179040428414018521
 cc8c381b-443f-438a-88a8-cf7b0e65712c | 9fc5a300-35f4-4a1f-a11c-91b338071ab2 | Post #3034 | Lorem ipsum ... | 2025-07-27 13:39:27.566364-04 | topic_96       | user_609  |          1 | 0.00078367758101851852 |   2.82179040428414018521
 76ea4ee6-8fe5-4ebd-bfdc-d485ff600aa2 | e7b7dc77-0be3-4c5c-9bc9-a6efbc0bb064 | Post #3286 | Lorem ipsum ... | 2025-07-27 13:39:27.566364-04 | topic_72       | user_9996 |          1 | 0.00078367758101851852 |   2.82179040428414018521
 1bf08d57-9ea7-469d-aeb8-80c9c7603f15 | 243d65b5-9fe7-432c-a8e2-36c314948762 | Post #4302 | Lorem ipsum ... | 2025-07-27 13:39:27.566364-04 | topic_96       | user_8663 |          1 | 0.00078367758101851852 |   2.82179040428414018521
 41f60273-0c35-4676-b659-0de131dd38cb | ed44d643-4137-468f-b8ca-a118033a14a8 | Post #1950 | Lorem ipsum ... | 2025-07-27 13:39:27.566364-04 | topic_96       | user_1224 |          1 | 0.00078367758101851852 |   2.82179040428414018521
 13223601-e1b7-4283-9de1-68c505b10dd9 | 65e2d6ea-ca6f-4970-9d27-8ec6684c3c61 | Post #1953 | Lorem ipsum ... | 2025-07-27 13:39:27.566364-04 | topic_69       | user_7314 |          1 | 0.00078367758101851852 |   2.82179040428414018521
 61c53f47-afc0-4c64-9561-d897943199e4 | 6c120574-5a5c-4fa7-bfb9-8aec985dffa9 | Post #4280 | Lorem ipsum ... | 2025-07-27 13:39:27.566364-04 | topic_72       | user_4029 |          1 | 0.00078367758101851852 |   2.82179040428414018521
 28ef87ab-5b9d-4ec8-b683-5cc01c85b487 | 9eaaf49a-1df3-46f8-813c-90e976cb5ac3 | Post #8550 | Lorem ipsum ... | 2025-07-27 13:39:27.566364-04 | topic_96       | user_4758 |          1 | 0.00078367758101851852 |   2.82179040428414018521
 9426e893-a2bd-408d-8990-430b99ff2281 | 8ff4c5b5-b043-4f13-b870-0c5959e281c2 | Post #3469 | Lorem ipsum ... | 2025-07-27 13:39:27.566364-04 | topic_96       | user_6182 |          1 | 0.00078367758101851852 |   2.82179040428414018521
 0a8952a2-7034-4ec2-99b8-2123023ee012 | baa3412f-62fa-4684-a0af-928360ee584b | Post #4255 | Lorem ipsum ... | 2025-07-27 13:39:27.566364-04 | topic_72       | user_8435 |          1 | 0.00078367758101851852 |   2.82179040428414018521
 7c3ab419-57de-4bca-80ae-be9fb021c3fc | 58914143-3538-41dd-9c3d-9bfdf987e133 | Post #1267 | Lorem ipsum ... | 2025-07-27 13:39:27.566364-04 | topic_96       | user_7274 |          1 | 0.00078367758101851852 |   2.82179040428414018521
 0e0f5142-0980-4389-8724-d4b1567c654d | 39505775-e8b3-401c-b140-518f24037b7c | Post #3140 | Lorem ipsum ... | 2025-07-27 13:39:27.566364-04 | topic_96       | user_2045 |          1 | 0.00078367758101851852 |   2.82179040428414018521
 378e4e57-54e8-4a4b-9fc0-967393c6ef2d | 492ed051-bf70-4bc6-b392-3956e9afc734 | Post #8276 | Lorem ipsum ... | 2025-07-27 13:39:27.566364-04 | topic_96       | user_665  |          1 | 0.00078367758101851852 |   2.82179040428414018521
 96772bec-b133-4434-9324-46d1843b11eb | 32accd2c-97e9-4b19-af8c-bfaa4f2a803f | Post #4079 | Lorem ipsum ... | 2025-07-27 13:39:27.566364-04 | topic_69       | user_1446 |          1 | 0.00078367758101851852 |   2.82179040428414018521
 796c0cc2-62d4-46a5-b968-70c64e9ba55d | 2d2d8ef4-687a-4491-a93d-7a5726bc3af5 | Post #6489 | Lorem ipsum ... | 2025-07-27 13:39:27.566364-04 | topic_69       | user_9141 |          1 | 0.00078367758101851852 |   2.82179040428414018521
 02072894-1ef0-496b-aac7-606c9da8bc0d | 50f8c66e-2ea4-450a-9a4e-a47fb7c5c45e | Post #770  | Lorem ipsum ... | 2025-07-27 13:39:27.566364-04 | topic_72       | user_2766 |          1 | 0.00078367758101851852 |   2.82179040428414018521
 7dae773d-673b-4799-9db6-259d8959aa03 | afb294d4-ac3e-4294-9459-951e0fd785c9 | Post #8400 | Lorem ipsum ... | 2025-07-27 13:39:27.566364-04 | topic_96       | user_9264 |          1 | 0.00078367758101851852 |   2.82179040428414018521
 4829f4e2-a6e4-48a9-9576-b2f2db905424 | f3e2da11-2afa-4235-8416-71f1538841bc | Post #9827 | Lorem ipsum ... | 2025-07-27 13:39:27.566364-04 | topic_72       | user_9673 |          1 | 0.00078367758101851852 |   2.82179040428414018521
 15c6450f-5b1a-49e2-8ddf-cfd56b1cb652 | cf792d9d-78fb-4066-97d1-37defb430d40 | Post #1002 | Lorem ipsum ... | 2025-07-27 13:39:27.566364-04 | topic_69       | user_100  |          1 | 0.00078367758101851852 |   2.82179040428414018521
 93d5d2cb-0664-428f-9d16-fd16fb431bdf | a679a8a0-1ca1-4e27-b493-ff89da3b9255 | Post #5501 | Lorem ipsum ... | 2025-07-27 13:39:27.566364-04 | topic_72       | user_4921 |          1 | 0.00078367758101851852 |   2.82179040428414018521
 6985b4c0-b536-462e-9ef9-24efa097cbe2 | 9a794971-6af0-4a16-b541-a99e5c536276 | Post #6712 | Lorem ipsum ... | 2025-07-27 13:39:27.566364-04 | topic_96       | user_1772 |          1 | 0.00078367758101851852 |   2.82179040428414018521
 def60c47-d953-4972-81d2-2160b8cd7d8f | 31a014d1-9525-4725-87f8-2cbddd42278d | Post #8749 | Lorem ipsum ... | 2025-07-27 13:39:27.566364-04 | topic_69       | user_3961 |          1 | 0.00078367758101851852 |   2.82179040428414018521
 7cc683cd-209a-4624-8b82-1020cd744712 | ec3ebf8d-2372-4d62-821d-2649a8cacc87 | Post #5200 | Lorem ipsum ... | 2025-07-27 13:39:27.566364-04 | topic_96       | user_1972 |          1 | 0.00078367758101851852 |   2.82179040428414018521
 f95e0b73-f50c-424d-9ef9-48be7d97f1af | 7c95566e-a6d5-4405-aed6-62508c5e2922 | Post #7459 | Lorem ipsum ... | 2025-07-27 13:39:27.566364-04 | topic_96       | user_5260 |          1 | 0.00078367758101851852 |   2.82179040428414018521
 91bbf23c-ac71-42c6-880c-d981656d7f6f | 479ab2d3-8105-47b0-8772-9cc25f792b68 | Post #5690 | Lorem ipsum ... | 2025-07-27 13:39:27.566364-04 | topic_72       | user_5251 |          1 | 0.00078367758101851852 |   2.82179040428414018521
 fe1c5a1b-8ffc-4f3c-be73-4c49562894d0 | 075f11fb-1fc1-4337-99b0-2e002a8e147d | Post #994  | Lorem ipsum ... | 2025-07-27 13:39:27.566364-04 | topic_69       | user_9284 |          1 | 0.00078367758101851852 |   2.82179040428414018521
 d52fdcd1-94aa-46fb-84d4-5c90a2921ffe | b9c49ab7-7653-4525-bf77-0a3f0fccb61b | Post #4528 | Lorem ipsum ... | 2025-07-27 13:39:27.566364-04 | topic_72       | user_2040 |          1 | 0.00078367758101851852 |   2.82179040428414018521
 9246dc99-0231-486b-ad07-a15a615225b5 | 9a8b71a3-c56d-48d1-89fd-b12672bcfa54 | Post #4099 | Lorem ipsum ... | 2025-07-27 13:39:27.566364-04 | topic_69       | user_1345 |          1 | 0.00078367758101851852 |   2.82179040428414018521
 e0abc4ef-f4c2-446b-b860-1d02fb3e10c8 | 295114b9-3805-413e-964b-8fa7c8f66a69 | Post #5213 | Lorem ipsum ... | 2025-07-27 13:39:27.566364-04 | topic_72       | user_9947 |          1 | 0.00078367758101851852 |   2.82179040428414018521
 c53fdfc1-e4b0-464a-accf-02c267278b39 | 3c8d5cc4-5e66-4ff1-bd13-be90160645bc | Post #2031 | Lorem ipsum ... | 2025-07-27 13:39:27.566364-04 | topic_96       | user_5700 |          1 | 0.00078367758101851852 |   2.82179040428414018521
 6e3a887e-3c4b-4760-86c4-0dd939b510fb | 0358f3de-7a03-40cb-87f2-5b150b9496c3 | Post #8111 | Lorem ipsum ... | 2025-07-27 13:39:27.566364-04 | topic_72       | user_7726 |          1 | 0.00078367758101851852 |   2.82179040428414018521
 baf22726-93b5-4650-8ac5-86afc3721ac9 | b8bb3616-2aeb-4cbd-94f9-78fe165d087c | Post #5237 | Lorem ipsum ... | 2025-07-27 13:39:27.566364-04 | topic_72       | user_3983 |          1 | 0.00078367758101851852 |   2.82179040428414018521
 e68dab61-d480-400d-b089-fc7956a8c862 | eb88f482-66fe-411b-8af3-279e130ebdba | Post #7687 | Lorem ipsum ... | 2025-07-27 13:39:27.566364-04 | topic_72       | user_5913 |          1 | 0.00078367758101851852 |   2.82179040428414018521
 8170e470-d4da-417a-95c9-3717c3bab0a3 | adc68ad4-bbf2-463f-b51d-181984ea39e1 | Post #1586 | Lorem ipsum ... | 2025-07-27 13:39:27.566364-04 | topic_72       | user_3397 |          1 | 0.00078367758101851852 |   2.82179040428414018521
 39e3ee88-27c4-4dc1-9e2f-ba5a10b7f23e | 96f2df0c-f9a6-4f36-a11d-7397df8d3316 | Post #3930 | Lorem ipsum ... | 2025-07-27 13:39:27.566364-04 | topic_72       | user_6672 |          1 | 0.00078367758101851852 |   2.82179040428414018521
 0093c0ab-67bd-4676-b444-97e580bcb9d7 | b8c32282-e195-467b-9528-b23622e06fc7 | Post #6911 | Lorem ipsum ... | 2025-07-27 13:39:27.566364-04 | topic_72       | user_8482 |          1 | 0.00078367758101851852 |   2.82179040428414018521
 bd417027-7fbc-4683-83bc-ddc07a6768c4 | ec3ebf8d-2372-4d62-821d-2649a8cacc87 | Post #4346 | Lorem ipsum ... | 2025-07-27 13:39:27.566364-04 | topic_96       | user_1972 |          1 | 0.00078367758101851852 |   2.82179040428414018521
 2ad16fe1-b8a5-402f-a4cc-9083cf5f479c | bfad8e14-8554-4186-be7d-95fd8d16eebc | Post #807  | Lorem ipsum ... | 2025-07-27 13:39:27.566364-04 | topic_69       | user_3290 |          1 | 0.00078367758101851852 |   2.82179040428414018521
 158bd330-1b8a-46c8-9d05-728cf149bc88 | df73a886-e970-45df-aa6e-ce1d4984b75d | Post #9378 | Lorem ipsum ... | 2025-07-27 13:39:27.566364-04 | topic_72       | user_7236 |          1 | 0.00078367758101851852 |   2.82179040428414018521
 3a04e50e-0d8d-469c-8cee-80c89baa3565 | 53479059-7f04-45cf-860b-71747eed86da | Post #3953 | Lorem ipsum ... | 2025-07-27 13:39:27.566364-04 | topic_96       | user_3184 |          1 | 0.00078367758101851852 |   2.82179040428414018521
 5c299295-20ff-45ef-bcb4-4b70a355b3a0 | a85fdc4f-7f99-4965-9bec-cb36a33d856f | Post #4390 | Lorem ipsum ... | 2025-07-27 13:39:27.566364-04 | topic_96       | user_6558 |          1 | 0.00078367758101851852 |   2.82179040428414018521
 780e0d50-4850-4b3f-ab59-dee08a79362a | 95eed8b6-c6cb-4a7c-b7d2-4b8e1767fc07 | Post #7548 | Lorem ipsum ... | 2025-07-27 13:39:27.566364-04 | topic_72       | user_6391 |          1 | 0.00078367758101851852 |   2.82179040428414018521
 5a67d16f-b1b6-4455-96a8-54d51909a326 | 7afa7d8d-5577-4322-8404-913b96db55b4 | Post #4016 | Lorem ipsum ... | 2025-07-27 13:39:27.566364-04 | topic_96       | user_3968 |          1 | 0.00078367758101851852 |   2.82179040428414018521
 26697b67-4bc6-440d-acc5-814b4891e7bd | 755cc3f8-443e-4047-9980-432297d25422 | Post #4962 | Lorem ipsum ... | 2025-07-27 13:39:27.566364-04 | topic_69       | user_7886 |          1 | 0.00078367758101851852 |   2.82179040428414018521
 314d1693-9341-429b-888a-5b6a16ee8617 | 1dc6111a-611c-4606-abe6-ec60c08d4b3d | Post #620  | Lorem ipsum ... | 2025-07-27 13:39:27.566364-04 | topic_96       | user_6860 |          1 | 0.00078367758101851852 |   2.82179040428414018521
 8837b6ff-6524-4fd1-a7eb-d01d3c9a8f84 | 10a4da74-0072-485b-8e33-2ee3c7b20c2d | Post #1501 | Lorem ipsum ... | 2025-07-27 13:39:27.566364-04 | topic_69       | user_9431 |          1 | 0.00078367758101851852 |   2.82179040428414018521
 bec2fcff-2e7c-4c98-8ffd-62fc73c00a04 | 1dd9976b-dc70-4586-b740-43e389d42509 | Post #5680 | Lorem ipsum ... | 2025-07-27 13:39:27.566364-04 | topic_96       | user_4069 |          1 | 0.00078367758101851852 |   2.82179040428414018521
 902464f7-4426-4ad5-9a0b-b8af5a7037d8 | cfe348b6-301d-4903-a9a2-153f3c248c2f | Post #6717 | Lorem ipsum ... | 2025-07-27 13:39:27.566364-04 | topic_72       | user_796  |          1 | 0.00078367758101851852 |   2.82179040428414018521
 8b8da9dd-dcee-4a81-b0a4-7bd66544d004 | a3a0b97a-b671-4289-8cf2-4892a9964a27 | Post #7289 | Lorem ipsum ... | 2025-07-27 13:39:27.566364-04 | topic_72       | user_6141 |          1 | 0.00078367758101851852 |   2.82179040428414018521
 deee6958-3554-4b63-84b0-52b8464bf64a | d4529fc6-5423-4862-a9d3-1a72a1d4ac60 | Post #5420 | Lorem ipsum ... | 2025-07-27 13:39:27.566364-04 | topic_96       | user_9304 |          1 | 0.00078367758101851852 |   2.82179040428414018521
 fab601ba-f413-4dc3-98da-781aa83ed5f3 | ff26856f-c0b6-4e63-afcb-e15deaabe422 | Post #743  | Lorem ipsum ... | 2025-07-27 13:39:27.566364-04 | topic_72       | user_9660 |          1 | 0.00078367758101851852 |   2.82179040428414018521
 905d34b4-0647-4861-b546-db6084924a77 | 3a904b94-ba7f-44ae-a8b1-4dfc5d468a1e | Post #3920 | Lorem ipsum ... | 2025-07-27 13:39:27.566364-04 | topic_69       | user_3944 |          1 | 0.00078367758101851852 |   2.82179040428414018521
 6c4f352f-6a7c-4e5e-82b3-4fa5e2421b5d | 08ac984f-8b72-4b05-ace6-1a763458f1c7 | Post #1636 | Lorem ipsum ... | 2025-07-27 13:39:27.566364-04 | topic_96       | user_2160 |          1 | 0.00078367758101851852 |   2.82179040428414018521
 69f91c50-25a7-44d2-a3ce-7711fcb12cf9 | 14cca5b0-0b6b-4398-98d0-ad13a2af9a26 | Post #8728 | Lorem ipsum ... | 2025-07-27 13:39:27.566364-04 | topic_72       | user_1863 |          1 | 0.00078367758101851852 |   2.82179040428414018521
 f119e49f-971f-436c-b101-e515f3e581d6 | 50377c6b-0fa6-4782-8826-4490ac7ed348 | Post #6824 | Lorem ipsum ... | 2025-07-27 13:39:27.566364-04 | topic_96       | user_7292 |          0 | 0.00078367758101851852 |   0.00000000000000000000
 c0ba32c5-49ee-46fc-b1bb-4cbd8b9f202e | 459fe2a9-d4d7-4a47-94af-62f565f1a6ba | Post #7485 | Lorem ipsum ... | 2025-07-27 13:39:27.566364-04 | topic_69       | user_508  |          0 | 0.00078367758101851852 |   0.00000000000000000000
 a9bcda5b-9690-41f1-9130-7acfa003c194 | 2418ce8d-766a-4d13-92f0-70d91f8ff730 | Post #4641 | Lorem ipsum ... | 2025-07-27 13:39:27.566364-04 | topic_69       | user_1634 |          0 | 0.00078367758101851852 |   0.00000000000000000000
 120af312-229e-470f-8318-8916c7f65d9b | 48773294-73da-4249-9405-4af88cc1eb09 | Post #9845 | Lorem ipsum ... | 2025-07-27 13:39:27.566364-04 | topic_69       | user_7666 |          0 | 0.00078367758101851852 |   0.00000000000000000000
 a982e93e-e7c2-4224-862d-6fd14e486eb9 | 86a10305-f5c4-437b-b0ce-e6d154b16306 | Post #658  | Lorem ipsum ... | 2025-07-27 13:39:27.566364-04 | topic_69       | user_119  |          0 | 0.00078367758101851852 |   0.00000000000000000000
 a75eebf2-5743-4e10-be75-f874d54ba93d | 8ca545e3-25fa-4ca2-b3cb-0e747b7fce0b | Post #6192 | Lorem ipsum ... | 2025-07-27 13:39:27.566364-04 | topic_72       | user_4288 |          0 | 0.00078367758101851852 |   0.00000000000000000000
 9b14de5d-a492-4002-bc05-3b95e033840a | e201e9b6-73be-432f-bc4f-94ba1c299440 | Post #2737 | Lorem ipsum ... | 2025-07-27 13:39:27.566364-04 | topic_96       | user_474  |          0 | 0.00078367758101851852 |   0.00000000000000000000
 cb02bdc8-716e-4c86-8dd6-a5a4d513b2fa | f856bf7b-5c01-41b1-abe8-5df83749e56a | Post #47   | Lorem ipsum ... | 2025-07-27 13:39:27.566364-04 | topic_69       | user_9940 |          0 | 0.00078367758101851852 |   0.00000000000000000000
 8a62c2f5-d04c-43fd-a44c-c2af48a4476e | f83b240f-bf23-4ad3-b722-ce98253ad514 | Post #2651 | Lorem ipsum ... | 2025-07-27 13:39:27.566364-04 | topic_69       | user_4950 |          0 | 0.00078367758101851852 |   0.00000000000000000000
 04b372aa-4f7c-496d-b8c6-27e91467d90a | 0462fdfd-dab6-4a17-8a22-f2765898c74d | Post #6434 | Lorem ipsum ... | 2025-07-27 13:39:27.566364-04 | topic_72       | user_8854 |          0 | 0.00078367758101851852 |   0.00000000000000000000
 6605e263-3ec9-4517-9121-e2b669c2e70e | ed39d9ef-02c3-4360-afa9-5aeb810c433b | Post #7514 | Lorem ipsum ... | 2025-07-27 13:39:27.566364-04 | topic_69       | user_8564 |          0 | 0.00078367758101851852 |   0.00000000000000000000
 d54a47b9-4e67-4703-9514-0790a6cfffee | 71713e9b-d97b-46ab-b7cb-5649caf41ce7 | Post #3118 | Lorem ipsum ... | 2025-07-27 13:39:27.566364-04 | topic_69       | user_2792 |          0 | 0.00078367758101851852 |   0.00000000000000000000
 96bbb063-2ce2-474e-8d7c-eb45ef1d5a01 | 43f4dca8-b2f2-452d-ad77-b3c22b1d93cf | Post #8889 | Lorem ipsum ... | 2025-07-27 13:39:27.566364-04 | topic_69       | user_3849 |          0 | 0.00078367758101851852 |   0.00000000000000000000
 b8bff012-05ba-443d-b9ee-a89a8e83d692 | ff8b96fa-0780-4f1b-af89-25d255435636 | Post #6499 | Lorem ipsum ... | 2025-07-27 13:39:27.566364-04 | topic_96       | user_4335 |          0 | 0.00078367758101851852 |   0.00000000000000000000
 de9b3bb8-959b-4280-9cd4-f9f772e5a8b2 | 599f8cf3-0c99-4c00-ad61-857d63e7a662 | Post #1082 | Lorem ipsum ... | 2025-07-27 13:39:27.566364-04 | topic_72       | user_255  |          0 | 0.00078367758101851852 |   0.00000000000000000000
 9f5127b8-d78c-47e2-b126-e4a7f0d6760f | 8c2db69f-bd59-4c01-9e51-b1f037728e10 | Post #9549 | Lorem ipsum ... | 2025-07-27 13:39:27.566364-04 | topic_69       | user_9748 |          0 | 0.00078367758101851852 |   0.00000000000000000000
 7d23f577-ed22-4a11-a50d-800194aa160a | 065c6f8a-69c6-4362-ac30-28bc7ffddab0 | Post #1378 | Lorem ipsum ... | 2025-07-27 13:39:27.566364-04 | topic_96       | user_6397 |          0 | 0.00078367758101851852 |   0.00000000000000000000
 b94d9de9-37cd-42ad-a137-9ebfa6d5b7ab | 85650700-2412-49b8-b559-c8cac5ab3e89 | Post #1208 | Lorem ipsum ... | 2025-07-27 13:39:27.566364-04 | topic_96       | user_2618 |          0 | 0.00078367758101851852 |   0.00000000000000000000
 1ce13a0b-f2ec-49d8-ad32-97ae3a607db8 | 39703e73-602f-4694-92e2-f514a94fe4c6 | Post #9571 | Lorem ipsum ... | 2025-07-27 13:39:27.566364-04 | topic_69       | user_8221 |          0 | 0.00078367758101851852 |   0.00000000000000000000
 cf9a4230-b067-40c7-b4a9-8ce5c4dbff2e | 160813ce-e9e0-4678-ae0b-387ac1ffdba2 | Post #6638 | Lorem ipsum ... | 2025-07-27 13:39:27.566364-04 | topic_72       | user_5003 |          0 | 0.00078367758101851852 |   0.00000000000000000000
 339bb065-8f6d-451d-bbc9-bd18888422ae | f8c3cac7-36ab-4ae0-8395-a10d12ccfd4b | Post #9212 | Lorem ipsum ... | 2025-07-27 13:39:27.566364-04 | topic_72       | user_7536 |          0 | 0.00078367758101851852 |   0.00000000000000000000
 23a3b51c-4067-4088-95d8-a7eaf04a418b | a3805d05-a0b6-4f35-9d8f-5e4293b87c91 | Post #7613 | Lorem ipsum ... | 2025-07-27 13:39:27.566364-04 | topic_72       | user_6494 |          0 | 0.00078367758101851852 |   0.00000000000000000000
 548685b4-9f7e-4538-a995-c36ab28759d6 | 2d36ab24-d384-48a8-8df3-7d297f0cfc01 | Post #2361 | Lorem ipsum ... | 2025-07-27 13:39:27.566364-04 | topic_96       | user_541  |          0 | 0.00078367758101851852 |   0.00000000000000000000
 56935971-af04-4c7d-a151-683fc36d1561 | b1eb9526-229f-4040-9bdf-a04c25899942 | Post #2287 | Lorem ipsum ... | 2025-07-27 13:39:27.566364-04 | topic_69       | user_4488 |          0 | 0.00078367758101851852 |   0.00000000000000000000
 c5e7226c-b4d4-4bda-82b2-66e20180ab09 | 71605e46-c3cb-4599-ae81-2809da4f4724 | Post #2026 | Lorem ipsum ... | 2025-07-27 13:39:27.566364-04 | topic_69       | user_2055 |          0 | 0.00078367758101851852 |   0.00000000000000000000
 9f58fc67-3008-4ab5-a2a5-adc499d45fbd | 69bcea83-e045-4cb6-bd27-0c9389834abd | Post #9290 | Lorem ipsum ... | 2025-07-27 13:39:27.566364-04 | topic_72       | user_1074 |          0 | 0.00078367758101851852 |   0.00000000000000000000
 d389651d-d9de-4220-91e7-fb0e7e891ca9 | 0bffb2ab-8578-463b-86c7-4de74e1fbf10 | Post #9697 | Lorem ipsum ... | 2025-07-27 13:39:27.566364-04 | topic_96       | user_9456 |          0 | 0.00078367758101851852 |   0.00000000000000000000
 cc2f70ca-44ef-4efc-afa8-cd0b8f4b3ac9 | 1ed91521-8b1d-460c-945c-1063f0085ec1 | Post #3666 | Lorem ipsum ... | 2025-07-27 13:39:27.566364-04 | topic_72       | user_7996 |          0 | 0.00078367758101851852 |   0.00000000000000000000
 bf3a5867-813e-4ddc-b614-05fd3b470e22 | d375c0c6-82fa-4a4d-b3d9-98fe26f81a3d | Post #1757 | Lorem ipsum ... | 2025-07-27 13:39:27.566364-04 | topic_72       | user_2505 |          0 | 0.00078367758101851852 |   0.00000000000000000000
 480707ed-25ef-4ad1-afee-32fc3c21d342 | 0eb1e061-d0cd-4e18-bdaa-b71b396cd01e | Post #5574 | Lorem ipsum ... | 2025-07-27 13:39:27.566364-04 | topic_72       | user_5962 |          0 | 0.00078367758101851852 |   0.00000000000000000000
 858eb1a4-c8f3-4a1c-9295-1da2e7b58859 | 276bb0b9-c7dc-476f-a793-c030f3e38ebe | Post #1622 | Lorem ipsum ... | 2025-07-27 13:39:27.566364-04 | topic_96       | user_7937 |          0 | 0.00078367758101851852 |   0.00000000000000000000
 c2b7dec9-a4f9-4ba3-bf6a-5f61e572a511 | d779e75d-f4d6-48eb-9674-c826be34c8e3 | Post #2978 | Lorem ipsum ... | 2025-07-27 13:39:27.566364-04 | topic_96       | user_7470 |          0 | 0.00078367758101851852 |   0.00000000000000000000
 77a6f4b4-c0b1-4f9e-9e5b-0c531cec78d3 | f6d4ea46-392f-467e-8511-c9adefc54aa0 | Post #6239 | Lorem ipsum ... | 2025-07-27 13:39:27.566364-04 | topic_96       | user_7395 |          0 | 0.00078367758101851852 |   0.00000000000000000000
 b8efc9a7-e574-422d-9b9f-15644e79421f | 7517850b-47f7-45d2-8ab2-6cf41d5acc05 | Post #1980 | Lorem ipsum ... | 2025-07-27 13:39:27.566364-04 | topic_72       | user_6448 |          0 | 0.00078367758101851852 |   0.00000000000000000000
 a63139e6-677f-43c8-8e25-837bac87b41e | 51d7bf6c-3c06-4b0f-ab41-b43b94e96ac0 | Post #8331 | Lorem ipsum ... | 2025-07-27 13:39:27.566364-04 | topic_96       | user_7751 |          0 | 0.00078367758101851852 |   0.00000000000000000000
 7478011c-f98f-4149-ae0b-b3625e974911 | d4f50c97-2900-4e3d-845e-587554c05c7e | Post #1373 | Lorem ipsum ... | 2025-07-27 13:39:27.566364-04 | topic_69       | user_930  |          0 | 0.00078367758101851852 |   0.00000000000000000000
 e43f3768-b997-43a8-b10c-8ec898f78207 | e6bdea8c-a721-4acd-9c4b-19884e2bca57 | Post #1645 | Lorem ipsum ... | 2025-07-27 13:39:27.566364-04 | topic_72       | user_4724 |          0 | 0.00078367758101851852 |   0.00000000000000000000
 bcb4c103-6fbc-4368-88e4-932066d6b1a5 | fef0e80b-1529-4101-907a-62c0f13de34e | Post #2088 | Lorem ipsum ... | 2025-07-27 13:39:27.566364-04 | topic_96       | user_2932 |          0 | 0.00078367758101851852 |   0.00000000000000000000
 433625e6-4e19-4065-8bf4-bac0202eafb7 | 622d7c7c-ffdb-4f2d-8ffe-cfb8e70bc246 | Post #9908 | Lorem ipsum ... | 2025-07-27 13:39:27.566364-04 | topic_72       | user_771  |          0 | 0.00078367758101851852 |   0.00000000000000000000
 ac5b4501-c477-4389-978a-cfbda53a790c | 08c889a0-37ed-4443-9e73-08c9023013ed | Post #4317 | Lorem ipsum ... | 2025-07-27 13:39:27.566364-04 | topic_69       | user_6998 |         -1 | 0.00078367758101851852 |  -2.82179040428414018521
 8fe94272-0f4d-4385-a8cf-a3ed9bbe431b | 71fa446e-de2a-444b-ae30-0c27f54cd425 | Post #6258 | Lorem ipsum ... | 2025-07-27 13:39:27.566364-04 | topic_69       | user_6215 |         -1 | 0.00078367758101851852 |  -2.82179040428414018521
 b09e976a-17c9-40e7-9623-61f85967a17f | 36823e68-1652-40bb-9bb2-68526317634e | Post #4372 | Lorem ipsum ... | 2025-07-27 13:39:27.566364-04 | topic_96       | user_8872 |         -1 | 0.00078367758101851852 |  -2.82179040428414018521
 21e7ae7e-daec-4cfe-a1db-ea6c7d997171 | f20d865f-f68e-47ee-9c36-f9bb5f19bc02 | Post #7456 | Lorem ipsum ... | 2025-07-27 13:39:27.566364-04 | topic_96       | user_5597 |         -1 | 0.00078367758101851852 |  -2.82179040428414018521
 5f784b3c-0899-4d6f-bb60-791f2634b2a1 | 75e8a392-0050-4cd0-9ae7-ea569861f3fd | Post #7712 | Lorem ipsum ... | 2025-07-27 13:39:27.566364-04 | topic_96       | user_3006 |         -1 | 0.00078367758101851852 |  -2.82179040428414018521
 a14a81f8-e61a-49c4-931e-b23f30fe4b0e | 082f7341-8129-4071-8052-9761f786b1c4 | Post #3994 | Lorem ipsum ... | 2025-07-27 13:39:27.566364-04 | topic_72       | user_6880 |         -1 | 0.00078367758101851852 |  -2.82179040428414018521
 35ebc243-d3fe-4e29-aaa3-3b66487ef999 | d285ad64-675d-4d4f-be7f-24aaadaf3b9c | Post #461  | Lorem ipsum ... | 2025-07-27 13:39:27.566364-04 | topic_69       | user_7876 |         -1 | 0.00078367758101851852 |  -2.82179040428414018521
 44b452a6-3cdb-44ab-933f-eb2dbbcf62be | ef27945e-d178-4bb4-9526-bd7820eeee68 | Post #5989 | Lorem ipsum ... | 2025-07-27 13:39:27.566364-04 | topic_69       | user_8321 |         -1 | 0.00078367758101851852 |  -2.82179040428414018521
 ba50b516-6765-4378-aa63-caea118da17e | 2a9ac900-ea21-4ca1-ad4b-cc176c691235 | Post #4430 | Lorem ipsum ... | 2025-07-27 13:39:27.566364-04 | topic_72       | user_7305 |         -1 | 0.00078367758101851852 |  -2.82179040428414018521
 e82a88f2-ffd7-4ec4-90a3-c8e577d7decb | f2d20fd8-3050-44b5-9690-c5f6605091f3 | Post #9525 | Lorem ipsum ... | 2025-07-27 13:39:27.566364-04 | topic_72       | user_768  |         -1 | 0.00078367758101851852 |  -2.82179040428414018521
 f1ec633a-c5ca-4284-8310-0d541198c11b | 4b2ee237-5e02-4624-9ea4-8f2c8397c404 | Post #4112 | Lorem ipsum ... | 2025-07-27 13:39:27.566364-04 | topic_69       | user_5215 |         -1 | 0.00078367758101851852 |  -2.82179040428414018521
 7959ceb4-5015-4257-9310-49321f6f2ca8 | 32244ae9-0466-4d52-897a-818d85447b00 | Post #2367 | Lorem ipsum ... | 2025-07-27 13:39:27.566364-04 | topic_96       | user_8224 |         -1 | 0.00078367758101851852 |  -2.82179040428414018521
 88f71666-668d-4c09-b0a2-e669267a907b | 2221b486-0d86-4352-b0be-f4e4d5a44ad4 | Post #3621 | Lorem ipsum ... | 2025-07-27 13:39:27.566364-04 | topic_96       | user_6179 |         -1 | 0.00078367758101851852 |  -2.82179040428414018521
 87777324-5379-4927-9cdf-5be97123c33f | 6e52f24e-537c-4566-aa3a-8b57c62c62b6 | Post #5153 | Lorem ipsum ... | 2025-07-27 13:39:27.566364-04 | topic_69       | user_9340 |         -1 | 0.00078367758101851852 |  -2.82179040428414018521
 30c65e95-fca4-4804-9e1d-e7b011939b13 | 924674b9-6180-49e8-821e-330e9e4eb0db | Post #3297 | Lorem ipsum ... | 2025-07-27 13:39:27.566364-04 | topic_69       | user_2866 |         -1 | 0.00078367758101851852 |  -2.82179040428414018521
 505e0cb2-fd62-44d7-aa8c-52e627699f0e | 79b8be28-929b-4d7c-8679-94ee925f2221 | Post #4207 | Lorem ipsum ... | 2025-07-27 13:39:27.566364-04 | topic_96       | user_1415 |         -1 | 0.00078367758101851852 |  -2.82179040428414018521
 9de045e6-14e8-48d7-b993-52195799a9ad | 72046244-4c05-4939-83c3-6e3b79e3c84e | Post #1008 | Lorem ipsum ... | 2025-07-27 13:39:27.566364-04 | topic_69       | user_9689 |         -1 | 0.00078367758101851852 |  -2.82179040428414018521
 2dab4bcf-f5a7-4524-8eda-1647ba9884cf | faaf9eb7-8085-47bc-87f7-93270743cdc6 | Post #4569 | Lorem ipsum ... | 2025-07-27 13:39:27.566364-04 | topic_69       | user_2177 |         -1 | 0.00078367758101851852 |  -2.82179040428414018521
 9dd718c4-fe3f-4a36-968c-45957a6bda79 | a636aec8-4745-4ff7-807f-bad03286237f | Post #6641 | Lorem ipsum ... | 2025-07-27 13:39:27.566364-04 | topic_72       | user_832  |         -1 | 0.00078367758101851852 |  -2.82179040428414018521
 aa2c6f7a-3b1e-4e16-ac33-0f9bc8a84f1f | 0361b5ca-120b-484d-87a2-bbe8517a9012 | Post #4911 | Lorem ipsum ... | 2025-07-27 13:39:27.566364-04 | topic_72       | user_5342 |         -1 | 0.00078367758101851852 |  -2.82179040428414018521
 4b0a0853-7a3a-4af9-a508-6fd2450dea10 | 3e0f5029-be4c-4aa3-88de-c1d15498fd73 | Post #4042 | Lorem ipsum ... | 2025-07-27 13:39:27.566364-04 | topic_96       | user_3524 |         -1 | 0.00078367758101851852 |  -2.82179040428414018521
 c96d8892-0529-4ae6-82a7-4d8c72db2499 | b155baec-4522-4c53-b7c6-96fcfa6b0eb4 | Post #3808 | Lorem ipsum ... | 2025-07-27 13:39:27.566364-04 | topic_69       | user_3797 |         -1 | 0.00078367758101851852 |  -2.82179040428414018521
 c6c9439b-f6c9-4334-8852-a14d0abcdb4d | 4c993ec8-ab72-41d4-824a-7a625b08ef30 | Post #3322 | Lorem ipsum ... | 2025-07-27 13:39:27.566364-04 | topic_72       | user_3031 |         -1 | 0.00078367758101851852 |  -2.82179040428414018521
 a65679db-930e-4ea1-96de-64b2e92e956d | 03220fed-e9d9-4871-bc27-6a4df162f696 | Post #1439 | Lorem ipsum ... | 2025-07-27 13:39:27.566364-04 | topic_96       | user_4684 |         -1 | 0.00078367758101851852 |  -2.82179040428414018521
 082eb756-7bef-4c92-955c-8d40a038e5b6 | 42527e64-0fef-492e-a9a6-7fe749cbaee7 | Post #1342 | Lorem ipsum ... | 2025-07-27 13:39:27.566364-04 | topic_72       | user_9915 |         -1 | 0.00078367758101851852 |  -2.82179040428414018521
 22a4eb01-f768-490c-b3be-9a83a3171ec4 | 1effef4f-de60-4837-b901-cae26717bbff | Post #3824 | Lorem ipsum ... | 2025-07-27 13:39:27.566364-04 | topic_69       | user_8477 |         -1 | 0.00078367758101851852 |  -2.82179040428414018521
 b9bf1997-1d43-4bcb-90ef-b0147832b8fa | 6c7bd408-e957-4793-9981-b8c584923b20 | Post #5399 | Lorem ipsum ... | 2025-07-27 13:39:27.566364-04 | topic_69       | user_4114 |         -1 | 0.00078367758101851852 |  -2.82179040428414018521
 6293677e-0101-4ed3-ac29-27e674e2b16b | 420739d8-b834-421d-bc55-74a61505e986 | Post #5250 | Lorem ipsum ... | 2025-07-27 13:39:27.566364-04 | topic_69       | user_9123 |         -1 | 0.00078367758101851852 |  -2.82179040428414018521
 50e81da2-1ded-4352-9d38-05706360df1c | 72a815ad-7404-44f9-8cbf-4f0990585e96 | Post #4428 | Lorem ipsum ... | 2025-07-27 13:39:27.566364-04 | topic_96       | user_4728 |         -1 | 0.00078367758101851852 |  -2.82179040428414018521
 43a03778-cad0-49ea-a393-af19f17f5a19 | 83a61901-f834-408c-b0de-5138e1800664 | Post #6940 | Lorem ipsum ... | 2025-07-27 13:39:27.566364-04 | topic_72       | user_7681 |         -1 | 0.00078367758101851852 |  -2.82179040428414018521
 75f39e38-e4a0-498a-8b00-2ebdcdad226d | 979d8478-76df-411f-b4c7-93104717ff04 | Post #228  | Lorem ipsum ... | 2025-07-27 13:39:27.566364-04 | topic_69       | user_6715 |         -1 | 0.00078367758101851852 |  -2.82179040428414018521
 42088b6c-3ab5-4e86-8709-59dc832312ff | 2d8c8b62-0a3b-4d5f-a0d4-e690faf7e6e0 | Post #5808 | Lorem ipsum ... | 2025-07-27 13:39:27.566364-04 | topic_72       | user_6317 |         -1 | 0.00078367758101851852 |  -2.82179040428414018521
 5172c7c5-24a1-4f37-bc32-9706dbd07a89 | 36823e68-1652-40bb-9bb2-68526317634e | Post #6119 | Lorem ipsum ... | 2025-07-27 13:39:27.566364-04 | topic_69       | user_8872 |         -2 | 0.00078367758101851852 |  -5.64358080856828037043
 e7659d64-60bd-4e63-a853-2f1c66a664f9 | 0c2f9bdc-236e-43b2-8f41-a06338d60089 | Post #86   | Lorem ipsum ... | 2025-07-27 13:39:27.566364-04 | topic_96       | user_3266 |         -2 | 0.00078367758101851852 |  -5.64358080856828037043
 257ff26f-9b1d-4265-b504-7c04eb96f4bf | 665ea407-795c-4181-9221-c9d183336156 | Post #5582 | Lorem ipsum ... | 2025-07-27 13:39:27.566364-04 | topic_72       | user_9625 |         -2 | 0.00078367758101851852 |  -5.64358080856828037043
 8db01be7-10da-452e-b124-f50c632b0fdc | 11f2340f-3e3a-4207-846e-e2edf3651f1b | Post #7630 | Lorem ipsum ... | 2025-07-27 13:39:27.566364-04 | topic_69       | user_6805 |         -2 | 0.00078367758101851852 |  -5.64358080856828037043
 9375982e-7fc6-414d-b4ca-5e4995589524 | cdb1b406-367f-4a33-a402-77ba67313dcb | Post #9783 | Lorem ipsum ... | 2025-07-27 13:39:27.566364-04 | topic_96       | user_4861 |         -2 | 0.00078367758101851852 |  -5.64358080856828037043
 08657c2f-83ee-48ac-8ebf-5e5f9ffdc358 | 89174b0c-29a9-431b-9be3-de28a8350357 | Post #6793 | Lorem ipsum ... | 2025-07-27 13:39:27.566364-04 | topic_96       | user_6549 |         -2 | 0.00078367758101851852 |  -5.64358080856828037043
 e2cda212-e397-4f6f-96a4-1b8c7704e916 | 17ea34a1-8a98-427c-a423-8029d22d9fce | Post #1984 | Lorem ipsum ... | 2025-07-27 13:39:27.566364-04 | topic_72       | user_5431 |         -2 | 0.00078367758101851852 |  -5.64358080856828037043
 c3765cea-4604-415a-9aaf-0ee2b83b51bb | 38c0e91f-725e-40d3-8675-0f90227931ed | Post #359  | Lorem ipsum ... | 2025-07-27 13:39:27.566364-04 | topic_69       | user_1977 |         -2 | 0.00078367758101851852 |  -5.64358080856828037043
 1ab4a305-b779-493b-b36b-ae12a4b51a9e | 0e791b46-8725-4a65-a51e-cdc89a7bc7bd | Post #6282 | Lorem ipsum ... | 2025-07-27 13:39:27.566364-04 | topic_72       | user_9463 |         -2 | 0.00078367758101851852 |  -5.64358080856828037043
 80cfa663-1790-4617-bee5-b9af8a3b4ce9 | f240aded-6125-4800-a315-1cb1bb499b55 | Post #1790 | Lorem ipsum ... | 2025-07-27 13:39:27.566364-04 | topic_96       | user_9233 |         -2 | 0.00078367758101851852 |  -5.64358080856828037043
 ea73705b-65a7-4be3-b8f8-99174fa23e56 | 13c645ec-f53d-4a24-b874-a3b034af4ef3 | Post #2246 | Lorem ipsum ... | 2025-07-27 13:39:27.566364-04 | topic_96       | user_5556 |         -2 | 0.00078367758101851852 |  -5.64358080856828037043
 aadf46a9-8baa-47d3-a57c-ab487c3a9662 | 74f3c8b1-bfb6-40ac-a014-4a551690418c | Post #1218 | Lorem ipsum ... | 2025-07-27 13:39:27.566364-04 | topic_72       | user_4277 |         -2 | 0.00078367758101851852 |  -5.64358080856828037043
 ca6c0fa2-fda1-44e8-8147-3c7dc483d159 | 54e4b072-ed93-4547-9ac5-923ba7e7b3fd | Post #6454 | Lorem ipsum ... | 2025-07-27 13:39:27.566364-04 | topic_96       | user_1311 |         -2 | 0.00078367758101851852 |  -5.64358080856828037043
 0add0426-46c7-4d25-a239-bc9a87515b59 | 518efc6e-57f2-4a9b-8f59-056d5ffcab3e | Post #2242 | Lorem ipsum ... | 2025-07-27 13:39:27.566364-04 | topic_72       | user_3415 |         -2 | 0.00078367758101851852 |  -5.64358080856828037043
 7ad1b0a4-801a-4d70-8d20-d0b9dbf622b1 | e59e2e06-a7ff-49b1-ae7e-0cbc42810a0e | Post #1993 | Lorem ipsum ... | 2025-07-27 13:39:27.566364-04 | topic_69       | user_4167 |         -2 | 0.00078367758101851852 |  -5.64358080856828037043
 0e2b8f86-6926-4466-91bf-a2a8e979e16a | cb36575a-db79-4fdc-9182-35e668a96e54 | Post #4970 | Lorem ipsum ... | 2025-07-27 13:39:27.566364-04 | topic_69       | user_6520 |         -2 | 0.00078367758101851852 |  -5.64358080856828037043
 7182da92-272d-4110-b97d-6aacb405df21 | 9274a3da-31dd-4e95-a356-ebbada040b8b | Post #2959 | Lorem ipsum ... | 2025-07-27 13:39:27.566364-04 | topic_72       | user_9708 |         -2 | 0.00078367758101851852 |  -5.64358080856828037043
 5b9e0c9d-c9ee-476c-b42e-1a8d58ed368f | 6c3cb817-d2cd-404f-b989-61b1eaa50e24 | Post #3736 | Lorem ipsum ... | 2025-07-27 13:39:27.566364-04 | topic_72       | user_527  |         -2 | 0.00078367758101851852 |  -5.64358080856828037043
 31cbbb75-325e-439d-97a6-6a02bc147e90 | 45186656-9bb8-4242-9074-86b278716399 | Post #7144 | Lorem ipsum ... | 2025-07-27 13:39:27.566364-04 | topic_96       | user_5250 |         -2 | 0.00078367758101851852 |  -5.64358080856828037043
 856703c4-e4fd-4d8e-80b1-4186920d9878 | e202c50c-8833-43f0-91ac-1da43fc6d3fe | Post #5266 | Lorem ipsum ... | 2025-07-27 13:39:27.566364-04 | topic_69       | user_472  |         -3 | 0.00078367758101851852 |  -8.46537121285242055564
 3f713b18-d0ad-4371-bc8a-c52722ac2a2f | 494d00c0-4e08-4e84-92ac-1a60aa773d48 | Post #7278 | Lorem ipsum ... | 2025-07-27 13:39:27.566364-04 | topic_96       | user_5172 |         -3 | 0.00078367758101851852 |  -8.46537121285242055564
 e44dee64-9017-434c-bf37-96ac37b3fcb8 | 5b532a58-386c-4d14-8f74-503b5b8132e8 | Post #8594 | Lorem ipsum ... | 2025-07-27 13:39:27.566364-04 | topic_69       | user_8534 |         -3 | 0.00078367758101851852 |  -8.46537121285242055564
 15d40f5b-583e-473e-bb60-df5d4965d599 | e884d7e8-7032-42c7-b51d-d499592c1dcd | Post #7798 | Lorem ipsum ... | 2025-07-27 13:39:27.566364-04 | topic_72       | user_92   |         -3 | 0.00078367758101851852 |  -8.46537121285242055564
 88872578-1f87-48b3-8823-b2c773862da6 | 1efc7100-d07f-4ab8-82f7-cbff8ef2f2bf | Post #2604 | Lorem ipsum ... | 2025-07-27 13:39:27.566364-04 | topic_69       | user_5368 |         -3 | 0.00078367758101851852 |  -8.46537121285242055564
 0d91128a-d358-4360-b53c-7317f60870ea | 6ceaf036-3747-4c73-a6b6-d0e16cf8ef03 | Post #9029 | Lorem ipsum ... | 2025-07-27 13:39:27.566364-04 | topic_69       | user_8058 |         -3 | 0.00078367758101851852 |  -8.46537121285242055564
 4e00773c-b728-4562-afa5-822ba9302b08 | 5e8d129c-f4ee-4a12-bd5d-564bf361585a | Post #4416 | Lorem ipsum ... | 2025-07-27 13:39:27.566364-04 | topic_72       | user_3564 |         -3 | 0.00078367758101851852 |  -8.46537121285242055564
 a1a586d3-b6a7-40ce-9ebd-eb529bad3e82 | c1d2aa80-2c78-4bef-b49d-01bdd99e2e02 | Post #480  | Lorem ipsum ... | 2025-07-27 13:39:27.566364-04 | topic_72       | user_3047 |         -3 | 0.00078367758101851852 |  -8.46537121285242055564
 6e307e87-9e99-4a5c-acb3-930df13a5ad9 | 497ef29f-5e73-4919-8d36-768b2bdd2757 | Post #3444 | Lorem ipsum ... | 2025-07-27 13:39:27.566364-04 | topic_96       | user_1367 |         -3 | 0.00078367758101851852 |  -8.46537121285242055564
 170cbcc9-1fb7-4f36-a23d-1a1a062207a1 | 8436f6e5-9799-4b23-8564-e4317e164ddf | Post #58   | Lorem ipsum ... | 2025-07-27 13:39:27.566364-04 | topic_96       | user_8376 |         -3 | 0.00078367758101851852 |  -8.46537121285242055564
 991e5c5b-18da-4b5a-8604-4d3280d3c37f | 3fcd9c10-7388-40af-bb5c-7dd381ba4126 | Post #1866 | Lorem ipsum ... | 2025-07-27 13:39:27.566364-04 | topic_72       | user_952  |         -3 | 0.00078367758101851852 |  -8.46537121285242055564
 811dd64d-f3fd-4b54-bcaa-9d0b2d9a3c52 | d83feb07-954a-43f7-9cf4-2def8f27bfb6 | Post #1281 | Lorem ipsum ... | 2025-07-27 13:39:27.566364-04 | topic_69       | user_2728 |         -3 | 0.00078367758101851852 |  -8.46537121285242055564
 7672920d-4304-4fcc-9968-2ca63d286b93 | 75d3b9d4-a5c7-4beb-ac59-d31e4731c857 | Post #7329 | Lorem ipsum ... | 2025-07-27 13:39:27.566364-04 | topic_72       | user_8555 |         -4 | 0.00078367758101851852 | -11.28716161713656074086
 e2c97bab-26d1-4196-87cb-0328570ff60f | 1a0e2ed5-6dcd-4cbe-8fb1-662c1106b981 | Post #8193 | Lorem ipsum ... | 2025-07-27 13:39:27.566364-04 | topic_72       | user_183  |         -5 | 0.00078367758101851852 | -14.10895202142070092607
 3b1d856a-f144-4772-acca-070bfa80cf1c | 9f8543b4-e833-47ec-8293-4e739bc55131 | Post #4463 | Lorem ipsum ... | 2025-07-27 13:39:27.566364-04 | topic_69       | user_7077 |         -5 | 0.00078367758101851852 | -14.10895202142070092607
 87905121-5871-4027-a8c6-fc669b73e0f3 | 1ebc9f44-6696-4a1c-bb82-15398440838c | Post #5231 | Lorem ipsum ... | 2025-07-27 13:39:27.566364-04 | topic_72       | user_8206 |         -5 | 0.00078367758101851852 | -14.10895202142070092607
 e35e592f-ff7f-4813-8492-6b953af809fd | f913e88f-0c2d-40da-9ff8-965f69ebec51 | Post #3514 | Lorem ipsum ... | 2025-07-27 13:39:27.566364-04 | topic_69       | user_3893 |         -5 | 0.00078367758101851852 | -14.10895202142070092607
 f9896e1d-a4cc-46a9-beb3-96c8e0a2d121 | 78a5d8a7-f3c0-489f-aa17-52c54c654577 | Post #3612 | Lorem ipsum ... | 2025-07-27 13:39:27.566364-04 | topic_96       | user_2968 |         -6 | 0.00078367758101851852 | -16.93074242570484111128
(272 rows)

