
> cs348-project@0.1.0 sql
> tsx lib/sql/exec.ts --file=../../m2/feature3-production.sql

postgres url:  undefined
┌─────────┬────────────────────────────────────────┬──────────────┬───────────────────┬────────────┐
│ (index) │                user_id                 │    title     │      content      │ vote_score │
├─────────┼────────────────────────────────────────┼──────────────┼───────────────────┼────────────┤
│    0    │ 'b8aedeef-2e7a-45ba-87ce-c73071151f44' │ 'Post #7275' │ 'Lorem ipsum ...' │    '7'     │
│    1    │ 'e0bf8568-9731-4ae7-a0ea-904a4ec9d3ef' │ 'Post #9929' │ 'Lorem ipsum ...' │    '5'     │
│    2    │ '59f9f6fb-8083-4c0d-a0ea-9314255a37d8' │ 'Post #1605' │ 'Lorem ipsum ...' │    '5'     │
│    3    │ '0c2de6eb-bf6c-440e-adc5-9b3be9c8ed15' │ 'Post #9287' │ 'Lorem ipsum ...' │    '4'     │
│    4    │ '86183fd5-cb06-47a4-b97e-757c2d92e72c' │ 'Post #8658' │ 'Lorem ipsum ...' │    '4'     │
│    5    │ 'f73dde5b-e595-435c-b80f-a70bd2294658' │ 'Post #8639' │ 'Lorem ipsum ...' │    '4'     │
│    6    │ '1a854760-1d0e-4ca5-91ff-245e30c43858' │ 'Post #8593' │ 'Lorem ipsum ...' │    '4'     │
│    7    │ 'f6e41573-68bc-473d-9ad3-81ab7aca31ac' │ 'Post #7248' │ 'Lorem ipsum ...' │    '4'     │
│    8    │ '530e5d64-6ee5-40ab-b107-0041b60d24b9' │ 'Post #6194' │ 'Lorem ipsum ...' │    '4'     │
│    9    │ '3d554c05-16ec-40f1-bc7b-986f6c32328e' │ 'Post #5833' │ 'Lorem ipsum ...' │    '4'     │
│   10    │ '97b02f1b-61a1-4d97-a9fc-10bda06f2f0f' │ 'Post #3603' │ 'Lorem ipsum ...' │    '4'     │
│   11    │ 'b5f34db6-ad79-4c14-977a-94e4b6106e92' │ 'Post #2985' │ 'Lorem ipsum ...' │    '4'     │
│   12    │ '08055537-47c0-44f8-9f28-c67b60eb6016' │ 'Post #2806' │ 'Lorem ipsum ...' │    '4'     │
│   13    │ 'cf2c8aaa-637a-4693-b531-b73ecd155d47' │ 'Post #619'  │ 'Lorem ipsum ...' │    '4'     │
│   14    │ 'b8d410aa-3821-4a89-9a27-ecc9b97ce68b' │ 'Post #9954' │ 'Lorem ipsum ...' │    '3'     │
│   15    │ '6fa30d4e-0214-4a2e-93a8-740e30484a52' │ 'Post #9670' │ 'Lorem ipsum ...' │    '3'     │
│   16    │ 'c4d9d766-d812-453b-9d3f-585da1f93614' │ 'Post #9618' │ 'Lorem ipsum ...' │    '3'     │
│   17    │ 'a4fdfc68-4965-4e6a-9a3e-91043185cc20' │ 'Post #8695' │ 'Lorem ipsum ...' │    '3'     │
│   18    │ '1da8da0a-322b-4e1e-b7c8-b33b6824f3c3' │ 'Post #7710' │ 'Lorem ipsum ...' │    '3'     │
│   19    │ 'f6378bf6-51f2-45a1-b065-be5508530f37' │ 'Post #7478' │ 'Lorem ipsum ...' │    '3'     │
│   20    │ 'da083db0-7202-4504-a2a8-8e20d23ff3ed' │ 'Post #4982' │ 'Lorem ipsum ...' │    '3'     │
│   21    │ '74421865-d065-40e8-90d6-3a9fe925cb6a' │ 'Post #4765' │ 'Lorem ipsum ...' │    '3'     │
│   22    │ '9485f49c-14fd-4e1b-82d3-18e8ca524f6d' │ 'Post #4733' │ 'Lorem ipsum ...' │    '3'     │
│   23    │ '03e2357b-f2aa-42d2-95b0-f7fd470ef49c' │ 'Post #2506' │ 'Lorem ipsum ...' │    '3'     │
│   24    │ 'e3e7bfb4-684b-4a51-afea-2a6b6f0c6326' │ 'Post #2473' │ 'Lorem ipsum ...' │    '3'     │
│   25    │ '635685f1-6764-4306-a0c8-5f1004da317f' │ 'Post #2009' │ 'Lorem ipsum ...' │    '3'     │
│   26    │ 'd887f965-d66e-4a4b-9106-268f4940d40c' │ 'Post #1777' │ 'Lorem ipsum ...' │    '3'     │
│   27    │ '6aedefae-48bf-4b93-b953-c091ea125ddf' │ 'Post #1695' │ 'Lorem ipsum ...' │    '3'     │
│   28    │ '93f65464-b3f7-4dd1-b6a4-e6026b4ca0e7' │ 'Post #1271' │ 'Lorem ipsum ...' │    '3'     │
│   29    │ '0b0b3ecd-bf4d-4fbd-92e5-22aca995783a' │  'Post #99'  │ 'Lorem ipsum ...' │    '3'     │
│   30    │ '77f82096-30cf-4dcd-948b-837b3d1ea5b2' │  'Post #6'   │ 'Lorem ipsum ...' │    '3'     │
│   31    │ '08a55de8-5192-4d5b-b0c9-04c4df89d778' │ 'Post #8703' │ 'Lorem ipsum ...' │    '2'     │
│   32    │ 'eab767ea-7286-46e8-bdb8-022c536330e9' │ 'Post #8435' │ 'Lorem ipsum ...' │    '2'     │
│   33    │ '808c65d8-0462-4619-ad67-4df4c05564ce' │ 'Post #7825' │ 'Lorem ipsum ...' │    '2'     │
│   34    │ '8414fe1d-0f51-4e03-99ad-fbe06a7447fe' │ 'Post #7758' │ 'Lorem ipsum ...' │    '2'     │
│   35    │ 'f97b30e3-b9f1-4372-b134-ed63bb80287e' │ 'Post #7333' │ 'Lorem ipsum ...' │    '2'     │
│   36    │ 'f5384105-4c9d-4732-bf62-3a10f5b028bc' │ 'Post #7141' │ 'Lorem ipsum ...' │    '2'     │
│   37    │ '1a86d39c-5a93-4522-a673-a4a95e007ca9' │ 'Post #6862' │ 'Lorem ipsum ...' │    '2'     │
│   38    │ '144d7f29-0163-4fc9-82d0-3005cb707036' │ 'Post #5918' │ 'Lorem ipsum ...' │    '2'     │
│   39    │ 'd3c94251-1a6c-462e-b144-10157d99bdc0' │ 'Post #5761' │ 'Lorem ipsum ...' │    '2'     │
│   40    │ 'ff6c43bc-0d2b-443f-93bb-74899efc076e' │ 'Post #5542' │ 'Lorem ipsum ...' │    '2'     │
│   41    │ '4ed44137-6e76-46fa-b2c3-d6505d4b630c' │ 'Post #5511' │ 'Lorem ipsum ...' │    '2'     │
│   42    │ 'ffbdc1c8-faef-40b1-8437-c21662e01b1a' │ 'Post #4429' │ 'Lorem ipsum ...' │    '2'     │
│   43    │ '9b44199a-37e5-48bc-983a-73152bd2cc6a' │ 'Post #2953' │ 'Lorem ipsum ...' │    '2'     │
│   44    │ '79542ab5-dabd-4f8d-b70d-ea4f38f756c7' │ 'Post #2952' │ 'Lorem ipsum ...' │    '2'     │
│   45    │ '3aefed13-6990-490d-a488-444bc7eeddb8' │ 'Post #2465' │ 'Lorem ipsum ...' │    '2'     │
│   46    │ '536b7b6e-e54b-47f7-ac04-db3d945874dc' │ 'Post #2460' │ 'Lorem ipsum ...' │    '2'     │
│   47    │ 'a9fba767-6384-4ba0-9fb7-7fce264b346a' │ 'Post #2041' │ 'Lorem ipsum ...' │    '2'     │
│   48    │ 'f31ba59f-1641-47ee-92b4-638c39ec67bb' │ 'Post #1709' │ 'Lorem ipsum ...' │    '2'     │
│   49    │ 'be15b87f-61e1-471e-8eaa-33e446621965' │ 'Post #1585' │ 'Lorem ipsum ...' │    '2'     │
│   50    │ '98f6ed4c-5720-43cf-8600-906f17c29d00' │ 'Post #1075' │ 'Lorem ipsum ...' │    '2'     │
│   51    │ '23b8a973-103e-496e-8c9c-4fba1d3ac0b2' │ 'Post #364'  │ 'Lorem ipsum ...' │    '2'     │
│   52    │ '8318a414-0c2b-440b-bc0d-a2db239642ed' │  'Post #91'  │ 'Lorem ipsum ...' │    '2'     │
│   53    │ '787f0fa6-d6c7-4476-ab08-1e0d98892444' │ 'Post #9544' │ 'Lorem ipsum ...' │    '1'     │
│   54    │ 'd329e8bc-5e0a-42de-9718-1861b743ec6c' │ 'Post #8633' │ 'Lorem ipsum ...' │    '1'     │
│   55    │ '8c00630d-f6d2-4202-9f21-bd0148a2107f' │ 'Post #8386' │ 'Lorem ipsum ...' │    '1'     │
│   56    │ '1ca3bbbf-d6c7-447b-9255-936f22aa4487' │ 'Post #7622' │ 'Lorem ipsum ...' │    '1'     │
│   57    │ 'be8e87fc-314c-415a-8dd1-778cba546dcb' │ 'Post #7533' │ 'Lorem ipsum ...' │    '1'     │
│   58    │ '8a205a07-878f-400a-87a4-7c9657abfc07' │ 'Post #6167' │ 'Lorem ipsum ...' │    '1'     │
│   59    │ 'd8b62807-e2a9-4f92-b77d-d66b3b08dbd0' │ 'Post #5478' │ 'Lorem ipsum ...' │    '1'     │
│   60    │ '52794b8a-5b5b-40c0-ae12-d9cf9433d3dc' │ 'Post #4997' │ 'Lorem ipsum ...' │    '1'     │
│   61    │ '4cd9a520-c059-46e3-99de-6edc0303cef9' │ 'Post #4719' │ 'Lorem ipsum ...' │    '1'     │
│   62    │ 'f28dc439-5f88-4e12-965d-8e6bc8f8862e' │ 'Post #4656' │ 'Lorem ipsum ...' │    '1'     │
│   63    │ '4c60d2a6-29c7-4058-bd71-37be275f56fd' │ 'Post #4310' │ 'Lorem ipsum ...' │    '1'     │
│   64    │ 'be0326ae-15ae-4cbc-aac2-0404311fd262' │ 'Post #4067' │ 'Lorem ipsum ...' │    '1'     │
│   65    │ 'f539ba9d-1d49-4bf7-a279-d01a2ed34ba7' │ 'Post #3888' │ 'Lorem ipsum ...' │    '1'     │
│   66    │ '54aa93df-9c40-48df-ab53-95c84617d5a7' │ 'Post #3772' │ 'Lorem ipsum ...' │    '1'     │
│   67    │ '83ba4de6-3d82-43b4-8651-89f716c76d15' │ 'Post #3581' │ 'Lorem ipsum ...' │    '1'     │
│   68    │ '760894a8-2ea1-4b04-aa8e-f637b81d974b' │ 'Post #3281' │ 'Lorem ipsum ...' │    '1'     │
│   69    │ '8bad6dad-6ae4-475d-8f87-c91c3aba0c0d' │ 'Post #2491' │ 'Lorem ipsum ...' │    '1'     │
│   70    │ '80d016f0-cc01-4670-8e01-99c2a0408b97' │ 'Post #1097' │ 'Lorem ipsum ...' │    '1'     │
│   71    │ '9e089243-c998-4d4b-a6a9-126d3a4664eb' │ 'Post #794'  │ 'Lorem ipsum ...' │    '1'     │
│   72    │ 'b4c05d73-a5bc-4a36-b5b9-5ae28e49a550' │ 'Post #164'  │ 'Lorem ipsum ...' │    '1'     │
│   73    │ '378977a9-e7eb-499c-89c2-b29125ba694b' │ 'Post #9274' │ 'Lorem ipsum ...' │    '0'     │
│   74    │ '4535f81c-42e4-4972-ba76-5bf95bffe58e' │ 'Post #8335' │ 'Lorem ipsum ...' │    '0'     │
│   75    │ '3c313404-8d7b-406c-ba73-cf25eefbadaa' │ 'Post #7376' │ 'Lorem ipsum ...' │    '0'     │
│   76    │ 'c98a8de5-a1ef-47b5-816a-9bd712421b37' │ 'Post #7167' │ 'Lorem ipsum ...' │    '0'     │
│   77    │ 'e3b57258-b0c7-4785-829e-f503b42b7753' │ 'Post #6325' │ 'Lorem ipsum ...' │    '0'     │
│   78    │ '7b6ee539-10ca-4641-a586-51cf2a3e0d9f' │ 'Post #5713' │ 'Lorem ipsum ...' │    '0'     │
│   79    │ 'c470bf1e-ea54-4085-aaec-6d43f3cfd482' │ 'Post #4894' │ 'Lorem ipsum ...' │    '0'     │
│   80    │ '518efc6e-57f2-4a9b-8f59-056d5ffcab3e' │ 'Post #3942' │ 'Lorem ipsum ...' │    '0'     │
│   81    │ '12b3e6f1-35e9-46a5-8f13-2954458bfb6a' │ 'Post #2652' │ 'Lorem ipsum ...' │    '0'     │
│   82    │ '9fef6296-cf0b-44ba-9768-044b552ef3bf' │ 'Post #1893' │ 'Lorem ipsum ...' │    '0'     │
│   83    │ '9eaaf49a-1df3-46f8-813c-90e976cb5ac3' │ 'Post #1233' │ 'Lorem ipsum ...' │    '0'     │
│   84    │ '19cd7ef9-24fe-4d3e-a449-82c33a700fe6' │ 'Post #1188' │ 'Lorem ipsum ...' │    '0'     │
│   85    │ '8e2cc07d-8303-4ec6-a0a4-9863f82e7125' │ 'Post #1115' │ 'Lorem ipsum ...' │    '0'     │
│   86    │ 'ec0108cb-a1b2-486c-873b-f2297e0036b4' │ 'Post #8923' │ 'Lorem ipsum ...' │    '-1'    │
│   87    │ 'cfa9c14c-cbcd-4a98-b254-9552b678899a' │ 'Post #7306' │ 'Lorem ipsum ...' │    '-1'    │
│   88    │ 'de262506-3343-4b3c-bbd0-d77013ca9031' │ 'Post #6813' │ 'Lorem ipsum ...' │    '-1'    │
│   89    │ '52e888f5-14b6-4d16-a87b-edb579e3e29b' │ 'Post #6103' │ 'Lorem ipsum ...' │    '-1'    │
│   90    │ '24d02ea3-e73c-438a-93be-f90732495404' │ 'Post #5872' │ 'Lorem ipsum ...' │    '-1'    │
│   91    │ '45a8936c-902c-47bb-97fa-83fe7fa38631' │ 'Post #3538' │ 'Lorem ipsum ...' │    '-1'    │
│   92    │ 'b1ba7fcb-4a0c-4dab-b342-6747fa5f3c40' │ 'Post #3208' │ 'Lorem ipsum ...' │    '-1'    │
│   93    │ '204d1cb6-238f-4c48-a34a-515236b99052' │ 'Post #3127' │ 'Lorem ipsum ...' │    '-1'    │
│   94    │ '62e5382f-735e-4303-a758-7faebc2e5de7' │ 'Post #2087' │ 'Lorem ipsum ...' │    '-1'    │
│   95    │ '1bb2484f-0fd8-4452-b6d4-6be0fdcddde6' │ 'Post #234'  │ 'Lorem ipsum ...' │    '-1'    │
│   96    │ 'e37a2e4d-2d30-4bc3-b4de-4ed8a35263c5' │ 'Post #220'  │ 'Lorem ipsum ...' │    '-1'    │
│   97    │ '6c8d14a4-ad25-424f-b044-d8e41a44d5ae' │ 'Post #9435' │ 'Lorem ipsum ...' │    '-2'    │
│   98    │ '117aacf8-a290-4a50-a7e5-69a972a643d0' │ 'Post #8453' │ 'Lorem ipsum ...' │    '-2'    │
│   99    │ '7217024d-4cc4-4264-a212-adac7158f540' │ 'Post #8381' │ 'Lorem ipsum ...' │    '-2'    │
│   100   │ 'b8f493bf-1330-498b-986d-4af0ac836108' │ 'Post #7242' │ 'Lorem ipsum ...' │    '-2'    │
│   101   │ 'f34b34e9-90a9-4275-a709-8b341b9ae002' │ 'Post #5899' │ 'Lorem ipsum ...' │    '-2'    │
│   102   │ 'a0bf290a-5dee-4905-b809-2a2b4e145621' │ 'Post #5617' │ 'Lorem ipsum ...' │    '-2'    │
│   103   │ 'a0c98ea4-53a9-46bc-93b0-97c3a1a47d87' │ 'Post #5592' │ 'Lorem ipsum ...' │    '-2'    │
│   104   │ 'cf10bd15-b961-437f-beea-8f600a8df1eb' │ 'Post #2664' │ 'Lorem ipsum ...' │    '-2'    │
│   105   │ '962da139-23f2-474b-ad57-d69307cdd335' │ 'Post #1046' │ 'Lorem ipsum ...' │    '-2'    │
│   106   │ '44063137-42b7-4243-b466-639e8d5aee15' │ 'Post #1033' │ 'Lorem ipsum ...' │    '-2'    │
│   107   │ '4eb08894-7852-4334-a88e-d6c9f754b218' │ 'Post #887'  │ 'Lorem ipsum ...' │    '-2'    │
│   108   │ '627aca29-89d4-42ef-b6a8-cac97021a24f' │ 'Post #638'  │ 'Lorem ipsum ...' │    '-2'    │
│   109   │ 'ea0d16ec-1f97-4dfa-a60a-8b65c8218c16' │ 'Post #7050' │ 'Lorem ipsum ...' │    '-3'    │
│   110   │ 'da93e57f-618f-46ba-ad35-3c63dd86308f' │ 'Post #9309' │ 'Lorem ipsum ...' │    '-4'    │
│   111   │ 'c95c47ab-1808-400d-a3e6-3a5ac6d46295' │ 'Post #5605' │ 'Lorem ipsum ...' │    '-4'    │
└─────────┴────────────────────────────────────────┴──────────────┴───────────────────┴────────────┘
