
> cs348-project@0.1.0 sql
> tsx lib/sql/exec.ts --file=../../m2/feature2-production.sql

postgres url:  undefined
┌─────────┬────────────────────────────────────────┬─────────────────┬──────────────────────────────┬─────────────┬──────────────────────────┐
│ (index) │                user_id                 │    username     │            email             │   pw_hash   │        created_at        │
├─────────┼────────────────────────────────────────┼─────────────────┼──────────────────────────────┼─────────────┼──────────────────────────┤
│    0    │ '4fcdf7a0-26cb-4b08-b9b8-4b2e9fad6f13' │ 'Rajan Agarwal' │ 'rajan.agarwal@uwaterloo.ca' │  'newpass'  │ 2025-07-08T22:17:50.271Z │
│    1    │ '71064351-7e41-4550-878d-cfc3dbbe2ccc' │  'user_10000'   │   'user_10000@example.com'   │ 'hashed_pw' │ 2025-07-08T22:17:02.424Z │
│    2    │ '5e93fe81-a806-44f5-94ab-edaa445bff96' │   'user_9999'   │   'user_9999@example.com'    │ 'hashed_pw' │ 2025-07-08T22:17:02.424Z │
│    3    │ '078f5f18-b9c9-4ae4-a830-0d3cb8132d66' │   'user_9998'   │   'user_9998@example.com'    │ 'hashed_pw' │ 2025-07-08T22:17:02.424Z │
│    4    │ '938677d1-b379-4e9f-befc-f2c3ee72b592' │   'user_9997'   │   'user_9997@example.com'    │ 'hashed_pw' │ 2025-07-08T22:17:02.424Z │
│    5    │ 'e7b7dc77-0be3-4c5c-9bc9-a6efbc0bb064' │   'user_9996'   │   'user_9996@example.com'    │ 'hashed_pw' │ 2025-07-08T22:17:02.424Z │
│    6    │ '735cb26e-0af0-4390-b6e9-51bbab80ca6f' │   'user_9995'   │   'user_9995@example.com'    │ 'hashed_pw' │ 2025-07-08T22:17:02.423Z │
│    7    │ 'ff40eaf6-413d-4830-9ecd-7794df263b76' │   'user_9994'   │   'user_9994@example.com'    │ 'hashed_pw' │ 2025-07-08T22:17:02.423Z │
│    8    │ '02e4d696-efc5-4c77-b48f-89af391b90c2' │   'user_9993'   │   'user_9993@example.com'    │ 'hashed_pw' │ 2025-07-08T22:17:02.423Z │
│    9    │ 'c47d7032-0737-4187-b723-eeb2ae692836' │   'user_9992'   │   'user_9992@example.com'    │ 'hashed_pw' │ 2025-07-08T22:17:02.423Z │
└─────────┴────────────────────────────────────────┴─────────────────┴──────────────────────────────┴─────────────┴──────────────────────────┘
No rows returned
┌─────────┬────────────────────────────────────────┬──────────────┬──────────────────────────┬─────────────┬──────────────────────────┐
│ (index) │                user_id                 │   username   │          email           │   pw_hash   │        created_at        │
├─────────┼────────────────────────────────────────┼──────────────┼──────────────────────────┼─────────────┼──────────────────────────┤
│    0    │ '71064351-7e41-4550-878d-cfc3dbbe2ccc' │ 'user_10000' │ 'user_10000@example.com' │ 'hashed_pw' │ 2025-07-08T22:17:02.424Z │
│    1    │ '5e93fe81-a806-44f5-94ab-edaa445bff96' │ 'user_9999'  │ 'user_9999@example.com'  │ 'hashed_pw' │ 2025-07-08T22:17:02.424Z │
│    2    │ '078f5f18-b9c9-4ae4-a830-0d3cb8132d66' │ 'user_9998'  │ 'user_9998@example.com'  │ 'hashed_pw' │ 2025-07-08T22:17:02.424Z │
│    3    │ '938677d1-b379-4e9f-befc-f2c3ee72b592' │ 'user_9997'  │ 'user_9997@example.com'  │ 'hashed_pw' │ 2025-07-08T22:17:02.424Z │
│    4    │ 'e7b7dc77-0be3-4c5c-9bc9-a6efbc0bb064' │ 'user_9996'  │ 'user_9996@example.com'  │ 'hashed_pw' │ 2025-07-08T22:17:02.424Z │
│    5    │ '735cb26e-0af0-4390-b6e9-51bbab80ca6f' │ 'user_9995'  │ 'user_9995@example.com'  │ 'hashed_pw' │ 2025-07-08T22:17:02.423Z │
│    6    │ 'ff40eaf6-413d-4830-9ecd-7794df263b76' │ 'user_9994'  │ 'user_9994@example.com'  │ 'hashed_pw' │ 2025-07-08T22:17:02.423Z │
│    7    │ '02e4d696-efc5-4c77-b48f-89af391b90c2' │ 'user_9993'  │ 'user_9993@example.com'  │ 'hashed_pw' │ 2025-07-08T22:17:02.423Z │
│    8    │ 'c47d7032-0737-4187-b723-eeb2ae692836' │ 'user_9992'  │ 'user_9992@example.com'  │ 'hashed_pw' │ 2025-07-08T22:17:02.423Z │
│    9    │ '197b3495-2919-4c82-a022-2cec6723526e' │ 'user_9991'  │ 'user_9991@example.com'  │ 'hashed_pw' │ 2025-07-08T22:17:02.423Z │
└─────────┴────────────────────────────────────────┴──────────────┴──────────────────────────┴─────────────┴──────────────────────────┘
