
> cs348-project@0.1.0 sql
> tsx lib/sql/exec.ts --file=../../m2/feature5-production.sql

postgres url:  undefined
┌─────────┬────────────────────────────────────────┬──────────────┬───────────────────┬──────────────────────────┬─────────────┬────────────────┬────────────────────────────────────────┬───────┐
│ (index) │                post_id                 │    title     │      content      │        created_at        │  username   │ subreddit_name │              subreddit_id              │ score │
├─────────┼────────────────────────────────────────┼──────────────┼───────────────────┼──────────────────────────┼─────────────┼────────────────┼────────────────────────────────────────┼───────┤
│    0    │ '433625e6-4e19-4065-8bf4-bac0202eafb7' │ 'Post #9908' │ 'Lorem ipsum ...' │ 2025-07-08T22:17:07.035Z │ 'user_771'  │   'topic_72'   │ 'b5835cde-9a7b-48a3-952a-760d31861950' │  '0'  │
│    1    │ '120af312-229e-470f-8318-8916c7f65d9b' │ 'Post #9845' │ 'Lorem ipsum ...' │ 2025-07-08T22:17:07.029Z │ 'user_7666' │   'topic_69'   │ '20a6048c-54eb-4045-b4a4-e5e948ad1856' │  '0'  │
│    2    │ '4829f4e2-a6e4-48a9-9576-b2f2db905424' │ 'Post #9827' │ 'Lorem ipsum ...' │ 2025-07-08T22:17:07.027Z │ 'user_9673' │   'topic_72'   │ 'b5835cde-9a7b-48a3-952a-760d31861950' │  '1'  │
│    3    │ '9375982e-7fc6-414d-b4ca-5e4995589524' │ 'Post #9783' │ 'Lorem ipsum ...' │ 2025-07-08T22:17:07.022Z │ 'user_4861' │   'topic_96'   │ '656b0002-0370-4852-9d05-513900163035' │ '-2'  │
│    4    │ 'd389651d-d9de-4220-91e7-fb0e7e891ca9' │ 'Post #9697' │ 'Lorem ipsum ...' │ 2025-07-08T22:17:07.012Z │ 'user_9456' │   'topic_96'   │ '656b0002-0370-4852-9d05-513900163035' │  '0'  │
│    5    │ '1ce13a0b-f2ec-49d8-ad32-97ae3a607db8' │ 'Post #9571' │ 'Lorem ipsum ...' │ 2025-07-08T22:17:06.999Z │ 'user_8221' │   'topic_69'   │ '20a6048c-54eb-4045-b4a4-e5e948ad1856' │  '0'  │
│    6    │ '9f5127b8-d78c-47e2-b126-e4a7f0d6760f' │ 'Post #9549' │ 'Lorem ipsum ...' │ 2025-07-08T22:17:06.997Z │ 'user_9748' │   'topic_69'   │ '20a6048c-54eb-4045-b4a4-e5e948ad1856' │  '0'  │
│    7    │ 'e82a88f2-ffd7-4ec4-90a3-c8e577d7decb' │ 'Post #9525' │ 'Lorem ipsum ...' │ 2025-07-08T22:17:06.994Z │ 'user_768'  │   'topic_72'   │ 'b5835cde-9a7b-48a3-952a-760d31861950' │ '-1'  │
│    8    │ '8eff4da0-242d-4a65-9722-b5a63d4bfd25' │ 'Post #9462' │ 'Lorem ipsum ...' │ 2025-07-08T22:17:06.987Z │ 'user_6350' │   'topic_72'   │ 'b5835cde-9a7b-48a3-952a-760d31861950' │  '2'  │
│    9    │ '0dddbeea-1ff2-4b69-bacd-cecbadd20d00' │ 'Post #9438' │ 'Lorem ipsum ...' │ 2025-07-08T22:17:06.985Z │ 'user_8047' │   'topic_69'   │ '20a6048c-54eb-4045-b4a4-e5e948ad1856' │  '2'  │
│   10    │ 'cd9ca99d-c6be-4676-80bc-73e8ffce9719' │ 'Post #9382' │ 'Lorem ipsum ...' │ 2025-07-08T22:17:06.979Z │ 'user_5897' │   'topic_69'   │ '20a6048c-54eb-4045-b4a4-e5e948ad1856' │  '3'  │
│   11    │ '158bd330-1b8a-46c8-9d05-728cf149bc88' │ 'Post #9378' │ 'Lorem ipsum ...' │ 2025-07-08T22:17:06.979Z │ 'user_7236' │   'topic_72'   │ 'b5835cde-9a7b-48a3-952a-760d31861950' │  '1'  │
│   12    │ '8a477f5c-b88b-4c50-9b4c-603af0c1e719' │ 'Post #9333' │ 'Lorem ipsum ...' │ 2025-07-08T22:17:06.974Z │ 'user_8615' │   'topic_69'   │ '20a6048c-54eb-4045-b4a4-e5e948ad1856' │  '2'  │
│   13    │ '9f58fc67-3008-4ab5-a2a5-adc499d45fbd' │ 'Post #9290' │ 'Lorem ipsum ...' │ 2025-07-08T22:17:06.969Z │ 'user_1074' │   'topic_72'   │ 'b5835cde-9a7b-48a3-952a-760d31861950' │  '0'  │
│   14    │ 'd401c468-e244-42ef-8434-0105565dcdf8' │ 'Post #9251' │ 'Lorem ipsum ...' │ 2025-07-08T22:17:06.965Z │ 'user_2151' │   'topic_69'   │ '20a6048c-54eb-4045-b4a4-e5e948ad1856' │  '5'  │
│   15    │ '339bb065-8f6d-451d-bbc9-bd18888422ae' │ 'Post #9212' │ 'Lorem ipsum ...' │ 2025-07-08T22:17:06.960Z │ 'user_7536' │   'topic_72'   │ 'b5835cde-9a7b-48a3-952a-760d31861950' │  '0'  │
│   16    │ '5efa41a5-3a93-40c9-85b7-ee5d1407c59f' │ 'Post #9206' │ 'Lorem ipsum ...' │ 2025-07-08T22:17:06.959Z │ 'user_3787' │   'topic_96'   │ '656b0002-0370-4852-9d05-513900163035' │  '2'  │
│   17    │ 'b5bc9fff-7578-4e85-a096-73d907374e1b' │ 'Post #9142' │ 'Lorem ipsum ...' │ 2025-07-08T22:17:06.953Z │ 'user_5691' │   'topic_72'   │ 'b5835cde-9a7b-48a3-952a-760d31861950' │  '3'  │
│   18    │ '160ac086-27b6-48f2-b87c-d4f5248f7384' │ 'Post #9132' │ 'Lorem ipsum ...' │ 2025-07-08T22:17:06.952Z │ 'user_5190' │   'topic_69'   │ '20a6048c-54eb-4045-b4a4-e5e948ad1856' │  '4'  │
│   19    │ '09ec50f6-4567-431b-89b1-304b2dd7d1cc' │ 'Post #9128' │ 'Lorem ipsum ...' │ 2025-07-08T22:17:06.951Z │ 'user_1398' │   'topic_69'   │ '20a6048c-54eb-4045-b4a4-e5e948ad1856' │  '6'  │
│   20    │ '65dcc78a-ac5f-4db0-b63b-5f12b58ed868' │ 'Post #9117' │ 'Lorem ipsum ...' │ 2025-07-08T22:17:06.950Z │ 'user_4004' │   'topic_96'   │ '656b0002-0370-4852-9d05-513900163035' │  '3'  │
│   21    │ '0d91128a-d358-4360-b53c-7317f60870ea' │ 'Post #9029' │ 'Lorem ipsum ...' │ 2025-07-08T22:17:06.941Z │ 'user_8058' │   'topic_69'   │ '20a6048c-54eb-4045-b4a4-e5e948ad1856' │ '-3'  │
│   22    │ '09545cc4-3acc-4ffd-bed0-09f08834eeb0' │ 'Post #9001' │ 'Lorem ipsum ...' │ 2025-07-08T22:17:06.938Z │ 'user_7515' │   'topic_72'   │ 'b5835cde-9a7b-48a3-952a-760d31861950' │  '4'  │
│   23    │ 'c2013424-308d-4211-bf7d-65be5200f0e9' │ 'Post #8969' │ 'Lorem ipsum ...' │ 2025-07-08T22:17:06.935Z │ 'user_1860' │   'topic_69'   │ '20a6048c-54eb-4045-b4a4-e5e948ad1856' │ null  │
│   24    │ '96bbb063-2ce2-474e-8d7c-eb45ef1d5a01' │ 'Post #8889' │ 'Lorem ipsum ...' │ 2025-07-08T22:17:06.927Z │ 'user_3849' │   'topic_69'   │ '20a6048c-54eb-4045-b4a4-e5e948ad1856' │  '0'  │
│   25    │ 'f7a3fe88-deaa-4510-87f2-c5d860a156fe' │ 'Post #8838' │ 'Lorem ipsum ...' │ 2025-07-08T22:17:06.922Z │ 'user_567'  │   'topic_96'   │ '656b0002-0370-4852-9d05-513900163035' │  '5'  │
│   26    │ '201fb89b-75fe-48d4-a8cc-bf1e2fd0003d' │ 'Post #8778' │ 'Lorem ipsum ...' │ 2025-07-08T22:17:06.915Z │ 'user_7158' │   'topic_96'   │ '656b0002-0370-4852-9d05-513900163035' │  '5'  │
│   27    │ 'def60c47-d953-4972-81d2-2160b8cd7d8f' │ 'Post #8749' │ 'Lorem ipsum ...' │ 2025-07-08T22:17:06.912Z │ 'user_3961' │   'topic_69'   │ '20a6048c-54eb-4045-b4a4-e5e948ad1856' │  '1'  │
│   28    │ '69f91c50-25a7-44d2-a3ce-7711fcb12cf9' │ 'Post #8728' │ 'Lorem ipsum ...' │ 2025-07-08T22:17:06.910Z │ 'user_1863' │   'topic_72'   │ 'b5835cde-9a7b-48a3-952a-760d31861950' │  '1'  │
│   29    │ 'e44dee64-9017-434c-bf37-96ac37b3fcb8' │ 'Post #8594' │ 'Lorem ipsum ...' │ 2025-07-08T22:17:06.895Z │ 'user_8534' │   'topic_69'   │ '20a6048c-54eb-4045-b4a4-e5e948ad1856' │ '-3'  │
│   30    │ '28ef87ab-5b9d-4ec8-b683-5cc01c85b487' │ 'Post #8550' │ 'Lorem ipsum ...' │ 2025-07-08T22:17:06.891Z │ 'user_4758' │   'topic_96'   │ '656b0002-0370-4852-9d05-513900163035' │  '1'  │
│   31    │ 'da61a350-8013-4e04-9f5c-9c8bc4c3c14f' │ 'Post #8510' │ 'Lorem ipsum ...' │ 2025-07-08T22:17:06.887Z │ 'user_3542' │   'topic_69'   │ '20a6048c-54eb-4045-b4a4-e5e948ad1856' │  '2'  │
│   32    │ 'aed3a81c-0d6c-4561-bcbd-f7457efdb16f' │ 'Post #8457' │ 'Lorem ipsum ...' │ 2025-07-08T22:17:06.882Z │  'user_58'  │   'topic_72'   │ 'b5835cde-9a7b-48a3-952a-760d31861950' │  '5'  │
│   33    │ '7dae773d-673b-4799-9db6-259d8959aa03' │ 'Post #8400' │ 'Lorem ipsum ...' │ 2025-07-08T22:17:06.875Z │ 'user_9264' │   'topic_96'   │ '656b0002-0370-4852-9d05-513900163035' │  '1'  │
│   34    │ 'd739075b-89fa-4680-ae28-75e424b1e503' │ 'Post #8336' │ 'Lorem ipsum ...' │ 2025-07-08T22:17:06.869Z │ 'user_5837' │   'topic_96'   │ '656b0002-0370-4852-9d05-513900163035' │  '2'  │
│   35    │ 'a63139e6-677f-43c8-8e25-837bac87b41e' │ 'Post #8331' │ 'Lorem ipsum ...' │ 2025-07-08T22:17:06.868Z │ 'user_7751' │   'topic_96'   │ '656b0002-0370-4852-9d05-513900163035' │  '0'  │
│   36    │ '378e4e57-54e8-4a4b-9fc0-967393c6ef2d' │ 'Post #8276' │ 'Lorem ipsum ...' │ 2025-07-08T22:17:06.862Z │ 'user_665'  │   'topic_96'   │ '656b0002-0370-4852-9d05-513900163035' │  '1'  │
│   37    │ '2b1c12a3-652a-4344-a223-8af004d42cc5' │ 'Post #8204' │ 'Lorem ipsum ...' │ 2025-07-08T22:17:06.854Z │ 'user_6287' │   'topic_72'   │ 'b5835cde-9a7b-48a3-952a-760d31861950' │  '2'  │
│   38    │ 'e2c97bab-26d1-4196-87cb-0328570ff60f' │ 'Post #8193' │ 'Lorem ipsum ...' │ 2025-07-08T22:17:06.853Z │ 'user_183'  │   'topic_72'   │ 'b5835cde-9a7b-48a3-952a-760d31861950' │ '-5'  │
│   39    │ '4bbcd472-d942-4638-8fc9-30e9bdbc9eb3' │ 'Post #8146' │ 'Lorem ipsum ...' │ 2025-07-08T22:17:06.848Z │ 'user_1029' │   'topic_72'   │ 'b5835cde-9a7b-48a3-952a-760d31861950' │  '2'  │
│   40    │ '6e3a887e-3c4b-4760-86c4-0dd939b510fb' │ 'Post #8111' │ 'Lorem ipsum ...' │ 2025-07-08T22:17:06.844Z │ 'user_7726' │   'topic_72'   │ 'b5835cde-9a7b-48a3-952a-760d31861950' │  '1'  │
│   41    │ '474e98e5-7d3e-42b9-93d8-c69166738a3a' │ 'Post #7933' │ 'Lorem ipsum ...' │ 2025-07-08T22:17:06.825Z │ 'user_8069' │   'topic_96'   │ '656b0002-0370-4852-9d05-513900163035' │  '2'  │
│   42    │ '6bf291f0-caca-4293-b43b-44a091cbaed1' │ 'Post #7833' │ 'Lorem ipsum ...' │ 2025-07-08T22:17:06.815Z │ 'user_3776' │   'topic_69'   │ '20a6048c-54eb-4045-b4a4-e5e948ad1856' │  '2'  │
│   43    │ 'dfeb5985-3a92-4b2f-bfc5-d1b096bcc7f1' │ 'Post #7810' │ 'Lorem ipsum ...' │ 2025-07-08T22:17:06.812Z │ 'user_3762' │   'topic_69'   │ '20a6048c-54eb-4045-b4a4-e5e948ad1856' │  '8'  │
│   44    │ '15d40f5b-583e-473e-bb60-df5d4965d599' │ 'Post #7798' │ 'Lorem ipsum ...' │ 2025-07-08T22:17:06.811Z │  'user_92'  │   'topic_72'   │ 'b5835cde-9a7b-48a3-952a-760d31861950' │ '-3'  │
│   45    │ '5f784b3c-0899-4d6f-bb60-791f2634b2a1' │ 'Post #7712' │ 'Lorem ipsum ...' │ 2025-07-08T22:17:06.801Z │ 'user_3006' │   'topic_96'   │ '656b0002-0370-4852-9d05-513900163035' │ '-1'  │
│   46    │ 'e68dab61-d480-400d-b089-fc7956a8c862' │ 'Post #7687' │ 'Lorem ipsum ...' │ 2025-07-08T22:17:06.798Z │ 'user_5913' │   'topic_72'   │ 'b5835cde-9a7b-48a3-952a-760d31861950' │  '1'  │
│   47    │ '8db01be7-10da-452e-b124-f50c632b0fdc' │ 'Post #7630' │ 'Lorem ipsum ...' │ 2025-07-08T22:17:06.790Z │ 'user_6805' │   'topic_69'   │ '20a6048c-54eb-4045-b4a4-e5e948ad1856' │ '-2'  │
│   48    │ '23a3b51c-4067-4088-95d8-a7eaf04a418b' │ 'Post #7613' │ 'Lorem ipsum ...' │ 2025-07-08T22:17:06.789Z │ 'user_6494' │   'topic_72'   │ 'b5835cde-9a7b-48a3-952a-760d31861950' │  '0'  │
│   49    │ 'a2ba2a8a-3175-48de-af32-f2468cd08e9c' │ 'Post #7607' │ 'Lorem ipsum ...' │ 2025-07-08T22:17:06.788Z │ 'user_4327' │   'topic_72'   │ 'b5835cde-9a7b-48a3-952a-760d31861950' │  '2'  │
│   50    │ '3387eb95-8ee8-47b7-9b7c-9a632c59fbe0' │ 'Post #7579' │ 'Lorem ipsum ...' │ 2025-07-08T22:17:06.785Z │ 'user_749'  │   'topic_96'   │ '656b0002-0370-4852-9d05-513900163035' │  '7'  │
│   51    │ '780e0d50-4850-4b3f-ab59-dee08a79362a' │ 'Post #7548' │ 'Lorem ipsum ...' │ 2025-07-08T22:17:06.782Z │ 'user_6391' │   'topic_72'   │ 'b5835cde-9a7b-48a3-952a-760d31861950' │  '1'  │
│   52    │ '2c9e76ac-41a2-46cb-b1d9-6bca1ddaf911' │ 'Post #7538' │ 'Lorem ipsum ...' │ 2025-07-08T22:17:06.780Z │ 'user_726'  │   'topic_69'   │ '20a6048c-54eb-4045-b4a4-e5e948ad1856' │  '2'  │
│   53    │ '6605e263-3ec9-4517-9121-e2b669c2e70e' │ 'Post #7514' │ 'Lorem ipsum ...' │ 2025-07-08T22:17:06.778Z │ 'user_8564' │   'topic_69'   │ '20a6048c-54eb-4045-b4a4-e5e948ad1856' │  '0'  │
│   54    │ 'c0ba32c5-49ee-46fc-b1bb-4cbd8b9f202e' │ 'Post #7485' │ 'Lorem ipsum ...' │ 2025-07-08T22:17:06.774Z │ 'user_508'  │   'topic_69'   │ '20a6048c-54eb-4045-b4a4-e5e948ad1856' │  '0'  │
│   55    │ 'f95e0b73-f50c-424d-9ef9-48be7d97f1af' │ 'Post #7459' │ 'Lorem ipsum ...' │ 2025-07-08T22:17:06.771Z │ 'user_5260' │   'topic_96'   │ '656b0002-0370-4852-9d05-513900163035' │  '1'  │
│   56    │ '21e7ae7e-daec-4cfe-a1db-ea6c7d997171' │ 'Post #7456' │ 'Lorem ipsum ...' │ 2025-07-08T22:17:06.771Z │ 'user_5597' │   'topic_96'   │ '656b0002-0370-4852-9d05-513900163035' │ '-1'  │
│   57    │ '7f44346b-d2c2-4fee-99e9-e18ec69c4557' │ 'Post #7445' │ 'Lorem ipsum ...' │ 2025-07-08T22:17:06.769Z │ 'user_8154' │   'topic_96'   │ '656b0002-0370-4852-9d05-513900163035' │ null  │
│   58    │ '5f629d3d-551f-4318-84be-69f80d349192' │ 'Post #7382' │ 'Lorem ipsum ...' │ 2025-07-08T22:17:06.762Z │ 'user_4180' │   'topic_96'   │ '656b0002-0370-4852-9d05-513900163035' │  '2'  │
│   59    │ '7cb02333-7294-4a3b-8ad4-5872f89e54aa' │ 'Post #7363' │ 'Lorem ipsum ...' │ 2025-07-08T22:17:06.760Z │ 'user_7053' │   'topic_72'   │ 'b5835cde-9a7b-48a3-952a-760d31861950' │  '2'  │
│   60    │ '7672920d-4304-4fcc-9968-2ca63d286b93' │ 'Post #7329' │ 'Lorem ipsum ...' │ 2025-07-08T22:17:06.755Z │ 'user_8555' │   'topic_72'   │ 'b5835cde-9a7b-48a3-952a-760d31861950' │ '-4'  │
│   61    │ '8b8da9dd-dcee-4a81-b0a4-7bd66544d004' │ 'Post #7289' │ 'Lorem ipsum ...' │ 2025-07-08T22:17:06.750Z │ 'user_6141' │   'topic_72'   │ 'b5835cde-9a7b-48a3-952a-760d31861950' │  '1'  │
│   62    │ '3f713b18-d0ad-4371-bc8a-c52722ac2a2f' │ 'Post #7278' │ 'Lorem ipsum ...' │ 2025-07-08T22:17:06.748Z │ 'user_5172' │   'topic_96'   │ '656b0002-0370-4852-9d05-513900163035' │ '-3'  │
│   63    │ 'd5d91a2c-ceda-43f8-b82d-a185630e5a89' │ 'Post #7223' │ 'Lorem ipsum ...' │ 2025-07-08T22:17:06.740Z │ 'user_2585' │   'topic_96'   │ '656b0002-0370-4852-9d05-513900163035' │  '3'  │
│   64    │ '8649a52e-c5ac-49b7-93b3-512e2d3e1db3' │ 'Post #7174' │ 'Lorem ipsum ...' │ 2025-07-08T22:17:06.727Z │ 'user_376'  │   'topic_96'   │ '656b0002-0370-4852-9d05-513900163035' │  '7'  │
│   65    │ '31cbbb75-325e-439d-97a6-6a02bc147e90' │ 'Post #7144' │ 'Lorem ipsum ...' │ 2025-07-08T22:17:06.722Z │ 'user_5250' │   'topic_96'   │ '656b0002-0370-4852-9d05-513900163035' │ '-2'  │
│   66    │ '6b2fdbca-a376-40e1-8624-8ef6f7456194' │ 'Post #7142' │ 'Lorem ipsum ...' │ 2025-07-08T22:17:06.721Z │ 'user_3295' │   'topic_72'   │ 'b5835cde-9a7b-48a3-952a-760d31861950' │  '2'  │
│   67    │ '9397a831-e6c7-44c1-adb7-3905fddbe312' │ 'Post #7062' │ 'Lorem ipsum ...' │ 2025-07-08T22:17:06.712Z │ 'user_3450' │   'topic_69'   │ '20a6048c-54eb-4045-b4a4-e5e948ad1856' │  '2'  │
│   68    │ '43a03778-cad0-49ea-a393-af19f17f5a19' │ 'Post #6940' │ 'Lorem ipsum ...' │ 2025-07-08T22:17:06.696Z │ 'user_7681' │   'topic_72'   │ 'b5835cde-9a7b-48a3-952a-760d31861950' │ '-1'  │
│   69    │ '0093c0ab-67bd-4676-b444-97e580bcb9d7' │ 'Post #6911' │ 'Lorem ipsum ...' │ 2025-07-08T22:17:06.692Z │ 'user_8482' │   'topic_72'   │ 'b5835cde-9a7b-48a3-952a-760d31861950' │  '1'  │
│   70    │ 'da5f45ec-6b80-4ff2-88c1-3fed6882239c' │ 'Post #6864' │ 'Lorem ipsum ...' │ 2025-07-08T22:17:06.685Z │ 'user_6798' │   'topic_96'   │ '656b0002-0370-4852-9d05-513900163035' │  '3'  │
│   71    │ '742c5580-7c08-4bf5-ba1c-3b3f3569ef9a' │ 'Post #6842' │ 'Lorem ipsum ...' │ 2025-07-08T22:17:06.680Z │ 'user_4127' │   'topic_72'   │ 'b5835cde-9a7b-48a3-952a-760d31861950' │  '4'  │
│   72    │ 'f119e49f-971f-436c-b101-e515f3e581d6' │ 'Post #6824' │ 'Lorem ipsum ...' │ 2025-07-08T22:17:06.677Z │ 'user_7292' │   'topic_96'   │ '656b0002-0370-4852-9d05-513900163035' │  '0'  │
│   73    │ '08657c2f-83ee-48ac-8ebf-5e5f9ffdc358' │ 'Post #6793' │ 'Lorem ipsum ...' │ 2025-07-08T22:17:06.673Z │ 'user_6549' │   'topic_96'   │ '656b0002-0370-4852-9d05-513900163035' │ '-2'  │
│   74    │ '93ee1651-7bda-419c-a41d-6e945e22ee2c' │ 'Post #6753' │ 'Lorem ipsum ...' │ 2025-07-08T22:17:06.668Z │ 'user_3941' │   'topic_69'   │ '20a6048c-54eb-4045-b4a4-e5e948ad1856' │  '4'  │
│   75    │ '0378594b-3c8d-4b09-a0a8-2b3ae583308b' │ 'Post #6738' │ 'Lorem ipsum ...' │ 2025-07-08T22:17:06.666Z │ 'user_5533' │   'topic_96'   │ '656b0002-0370-4852-9d05-513900163035' │  '2'  │
│   76    │ '902464f7-4426-4ad5-9a0b-b8af5a7037d8' │ 'Post #6717' │ 'Lorem ipsum ...' │ 2025-07-08T22:17:06.663Z │ 'user_796'  │   'topic_72'   │ 'b5835cde-9a7b-48a3-952a-760d31861950' │  '1'  │
│   77    │ '6985b4c0-b536-462e-9ef9-24efa097cbe2' │ 'Post #6712' │ 'Lorem ipsum ...' │ 2025-07-08T22:17:06.662Z │ 'user_1772' │   'topic_96'   │ '656b0002-0370-4852-9d05-513900163035' │  '1'  │
│   78    │ '9dd718c4-fe3f-4a36-968c-45957a6bda79' │ 'Post #6641' │ 'Lorem ipsum ...' │ 2025-07-08T22:17:06.602Z │ 'user_832'  │   'topic_72'   │ 'b5835cde-9a7b-48a3-952a-760d31861950' │ '-1'  │
│   79    │ 'cf9a4230-b067-40c7-b4a9-8ce5c4dbff2e' │ 'Post #6638' │ 'Lorem ipsum ...' │ 2025-07-08T22:17:06.602Z │ 'user_5003' │   'topic_72'   │ 'b5835cde-9a7b-48a3-952a-760d31861950' │  '0'  │
│   80    │ 'b8bff012-05ba-443d-b9ee-a89a8e83d692' │ 'Post #6499' │ 'Lorem ipsum ...' │ 2025-07-08T22:17:06.587Z │ 'user_4335' │   'topic_96'   │ '656b0002-0370-4852-9d05-513900163035' │  '0'  │
│   81    │ '796c0cc2-62d4-46a5-b968-70c64e9ba55d' │ 'Post #6489' │ 'Lorem ipsum ...' │ 2025-07-08T22:17:06.586Z │ 'user_9141' │   'topic_69'   │ '20a6048c-54eb-4045-b4a4-e5e948ad1856' │  '1'  │
│   82    │ 'ca6c0fa2-fda1-44e8-8147-3c7dc483d159' │ 'Post #6454' │ 'Lorem ipsum ...' │ 2025-07-08T22:17:06.582Z │ 'user_1311' │   'topic_96'   │ '656b0002-0370-4852-9d05-513900163035' │ '-2'  │
│   83    │ '04b372aa-4f7c-496d-b8c6-27e91467d90a' │ 'Post #6434' │ 'Lorem ipsum ...' │ 2025-07-08T22:17:06.580Z │ 'user_8854' │   'topic_72'   │ 'b5835cde-9a7b-48a3-952a-760d31861950' │  '0'  │
│   84    │ '51dc8dfd-1130-4f26-bfd3-f6488caa669d' │ 'Post #6293' │ 'Lorem ipsum ...' │ 2025-07-08T22:17:06.566Z │ 'user_1161' │   'topic_69'   │ '20a6048c-54eb-4045-b4a4-e5e948ad1856' │  '2'  │
│   85    │ '1ab4a305-b779-493b-b36b-ae12a4b51a9e' │ 'Post #6282' │ 'Lorem ipsum ...' │ 2025-07-08T22:17:06.565Z │ 'user_9463' │   'topic_72'   │ 'b5835cde-9a7b-48a3-952a-760d31861950' │ '-2'  │
│   86    │ '61318f06-1e76-4e96-b2d4-0e3a8244c145' │ 'Post #6259' │ 'Lorem ipsum ...' │ 2025-07-08T22:17:06.562Z │ 'user_1888' │   'topic_96'   │ '656b0002-0370-4852-9d05-513900163035' │  '3'  │
│   87    │ '8fe94272-0f4d-4385-a8cf-a3ed9bbe431b' │ 'Post #6258' │ 'Lorem ipsum ...' │ 2025-07-08T22:17:06.562Z │ 'user_6215' │   'topic_69'   │ '20a6048c-54eb-4045-b4a4-e5e948ad1856' │ '-1'  │
│   88    │ '77a6f4b4-c0b1-4f9e-9e5b-0c531cec78d3' │ 'Post #6239' │ 'Lorem ipsum ...' │ 2025-07-08T22:17:06.560Z │ 'user_7395' │   'topic_96'   │ '656b0002-0370-4852-9d05-513900163035' │  '0'  │
│   89    │ '1d2ce641-cd3f-437e-8b1b-2717f0904e4d' │ 'Post #6238' │ 'Lorem ipsum ...' │ 2025-07-08T22:17:06.560Z │ 'user_9749' │   'topic_96'   │ '656b0002-0370-4852-9d05-513900163035' │  '2'  │
│   90    │ 'a75eebf2-5743-4e10-be75-f874d54ba93d' │ 'Post #6192' │ 'Lorem ipsum ...' │ 2025-07-08T22:17:06.555Z │ 'user_4288' │   'topic_72'   │ 'b5835cde-9a7b-48a3-952a-760d31861950' │  '0'  │
│   91    │ '5172c7c5-24a1-4f37-bc32-9706dbd07a89' │ 'Post #6119' │ 'Lorem ipsum ...' │ 2025-07-08T22:17:06.547Z │ 'user_8872' │   'topic_69'   │ '20a6048c-54eb-4045-b4a4-e5e948ad1856' │ '-2'  │
│   92    │ '44b452a6-3cdb-44ab-933f-eb2dbbcf62be' │ 'Post #5989' │ 'Lorem ipsum ...' │ 2025-07-08T22:17:06.532Z │ 'user_8321' │   'topic_69'   │ '20a6048c-54eb-4045-b4a4-e5e948ad1856' │ '-1'  │
│   93    │ 'd40cf8c8-5248-403e-a0d9-91014dd66fb0' │ 'Post #5954' │ 'Lorem ipsum ...' │ 2025-07-08T22:17:06.529Z │ 'user_2792' │   'topic_96'   │ '656b0002-0370-4852-9d05-513900163035' │  '2'  │
│   94    │ 'f177f4bf-2829-44af-8695-1d8242c801d4' │ 'Post #5931' │ 'Lorem ipsum ...' │ 2025-07-08T22:17:06.526Z │ 'user_7959' │   'topic_96'   │ '656b0002-0370-4852-9d05-513900163035' │  '2'  │
│   95    │ '4d838c8f-9eea-4d72-bade-b7ae5793c354' │ 'Post #5921' │ 'Lorem ipsum ...' │ 2025-07-08T22:17:06.525Z │ 'user_1915' │   'topic_96'   │ '656b0002-0370-4852-9d05-513900163035' │  '5'  │
│   96    │ '4b8ed64a-eb53-4380-a08a-f60cb52aebd6' │ 'Post #5871' │ 'Lorem ipsum ...' │ 2025-07-08T22:17:06.520Z │ 'user_5878' │   'topic_69'   │ '20a6048c-54eb-4045-b4a4-e5e948ad1856' │  '5'  │
│   97    │ '70730889-c473-4c26-9b68-d6961ff2c1f6' │ 'Post #5854' │ 'Lorem ipsum ...' │ 2025-07-08T22:17:06.518Z │ 'user_5569' │   'topic_96'   │ '656b0002-0370-4852-9d05-513900163035' │  '3'  │
│   98    │ '42088b6c-3ab5-4e86-8709-59dc832312ff' │ 'Post #5808' │ 'Lorem ipsum ...' │ 2025-07-08T22:17:06.513Z │ 'user_6317' │   'topic_72'   │ 'b5835cde-9a7b-48a3-952a-760d31861950' │ '-1'  │
│   99    │ '58ef354a-a9bf-4019-a5f1-80def5d7e372' │ 'Post #5744' │ 'Lorem ipsum ...' │ 2025-07-08T22:17:06.505Z │ 'user_526'  │   'topic_96'   │ '656b0002-0370-4852-9d05-513900163035' │  '5'  │
└─────────┴────────────────────────────────────────┴──────────────┴───────────────────┴──────────────────────────┴─────────────┴────────────────┴────────────────────────────────────────┴───────┘
